{"numTotalTestSuites":6,"numPassedTestSuites":3,"numFailedTestSuites":3,"numPendingTestSuites":0,"numTotalTests":52,"numPassedTests":47,"numFailedTests":5,"numPendingTests":0,"numTodoTests":0,"snapshot":{"added":0,"failure":false,"filesAdded":0,"filesRemoved":0,"filesRemovedList":[],"filesUnmatched":0,"filesUpdated":0,"matched":0,"total":0,"unchecked":0,"uncheckedKeysByFile":[],"unmatched":0,"updated":0,"didUpdate":false},"startTime":1773434647529,"success":false,"testResults":[{"assertionResults":[{"ancestorTitles":["Mobile header"],"fullName":"Mobile header renders hamburger (Open navigation) button","status":"passed","title":"renders hamburger (Open navigation) button","duration":348.5835000000002,"failureMessages":[],"meta":{}},{"ancestorTitles":["Mobile header"],"fullName":"Mobile header renders settings (Open settings) button","status":"passed","title":"renders settings (Open settings) button","duration":204.19680000000017,"failureMessages":[],"meta":{}},{"ancestorTitles":["Mobile header"],"fullName":"Mobile header renders txt.wwew.tech brand label in mobile header","status":"passed","title":"renders txt.wwew.tech brand label in mobile header","duration":48.39330000000018,"failureMessages":[],"meta":{}},{"ancestorTitles":["Mobile header"],"fullName":"Mobile header clicking hamburger opens left mobile drawer (overlay appears)","status":"passed","title":"clicking hamburger opens left mobile drawer (overlay appears)","duration":403.32529999999997,"failureMessages":[],"meta":{}},{"ancestorTitles":["Mobile header"],"fullName":"Mobile header clicking settings button opens right mobile drawer (overlay appears)","status":"passed","title":"clicking settings button opens right mobile drawer (overlay appears)","duration":406.47450000000026,"failureMessages":[],"meta":{}},{"ancestorTitles":["Mobile header"],"fullName":"Mobile header right drawer surfaces settings summaries when opened","status":"passed","title":"right drawer surfaces settings summaries when opened","duration":372.4285,"failureMessages":[],"meta":{}},{"ancestorTitles":["Display section"],"fullName":"Display section Display section is found in sidebar","status":"passed","title":"Display section is found in sidebar","duration":55.74469999999974,"failureMessages":[],"meta":{}},{"ancestorTitles":["Display section"],"fullName":"Display section UI Scale shows 100% by default","status":"passed","title":"UI Scale shows 100% by default","duration":51.43730000000005,"failureMessages":[],"meta":{}},{"ancestorTitles":["Display section"],"fullName":"Display section Compact preset sets scale to 90%","status":"passed","title":"Compact preset sets scale to 90%","duration":204.8851999999997,"failureMessages":[],"meta":{}},{"ancestorTitles":["Display section"],"fullName":"Display section Default preset restores scale to 100%","status":"passed","title":"Default preset restores scale to 100%","duration":357.53470000000016,"failureMessages":[],"meta":{}},{"ancestorTitles":["Display section"],"fullName":"Display section Large preset sets scale to 115%","status":"passed","title":"Large preset sets scale to 115%","duration":188.28810000000067,"failureMessages":[],"meta":{}},{"ancestorTitles":["Display section"],"fullName":"Display section --ui-scale CSS var on <html> tracks uiScale / 100","status":"failed","title":"--ui-scale CSS var on <html> tracks uiScale / 100","duration":1225.1318999999994,"failureMessages":["AssertionError: expected '1' to be '1.15' // Object.is equality\n\nIgnored nodes: comments, script, style\n\u001b[36m<html\u001b[39m\n  \u001b[33mlang\u001b[39m=\u001b[32m\"en\"\u001b[39m\n  \u001b[33mstyle\u001b[39m=\u001b[32m\"--font-size-offset: 0; --ui-scale: 1;\"\u001b[39m\n\u001b[36m>\u001b[39m\n  \u001b[36m<head />\u001b[39m\n  \u001b[36m<body\u001b[39m\n    \u001b[33mstyle\u001b[39m=\u001b[32m\"\"\u001b[39m\n  \u001b[36m>\u001b[39m\n    \u001b[36m<div>\u001b[39m\n      \u001b[36m<div\u001b[39m\n        \u001b[33mclass\u001b[39m=\u001b[32m\"min-h-screen bg-background text-foreground\"\u001b[39m\n      \u001b[36m>\u001b[39m\n        \u001b[36m<div\u001b[39m\n          \u001b[33mclass\u001b[39m=\u001b[32m\"grid min-h-screen grid-cols-1 xl:grid-cols-[280px_minmax(0,1fr)_1px_var(--right-sidebar-width)]\"\u001b[39m\n          \u001b[33mstyle\u001b[39m=\u001b[32m\"--right-sidebar-width: 320px;\"\u001b[39m\n        \u001b[36m>\u001b[39m\n          \u001b[36m<aside\u001b[39m\n            \u001b[33mclass\u001b[39m=\u001b[32m\"border-r border-border/50 bg-background/90 px-4 py-4 hidden h-screen xl:sticky xl:top-0 xl:flex xl:flex-col\"\u001b[39m\n          \u001b[36m>\u001b[39m\n            \u001b[36m<div\u001b[39m\n              \u001b[33mclass\u001b[39m=\u001b[32m\"mb-3 border-b border-border/40 pb-3\"\u001b[39m\n            \u001b[36m>\u001b[39m\n              \u001b[36m<div\u001b[39m\n                \u001b[33mclass\u001b[39m=\u001b[32m\"flex items-start justify-between gap-2\"\u001b[39m\n              \u001b[36m>\u001b[39m\n                \u001b[36m<div>\u001b[39m\n                  \u001b[36m<p\u001b[39m\n                    \u001b[33mclass\u001b[39m=\u001b[32m\"text-sm font-semibold tracking-tight\"\u001b[39m\n                  \u001b[36m>\u001b[39m\n                    \u001b[0mtxt.wwew.tech\u001b[0m\n                  \u001b[36m</p>\u001b[39m\n                  \u001b[36m<p\u001b[39m\n                    \u001b[33mclass\u001b[39m=\u001b[32m\"text-xs text-muted-foreground\"\u001b[39m\n                  \u001b[36m>\u001b[39m\n                    \u001b[0mLocal Context Cockpit\u001b[0m\n                  \u001b[36m</p>\u001b[39m\n                \u001b[36m</div>\u001b[39m\n                \u001b[36m<button\u001b[39m\n                  \u001b[33mclass\u001b[39m=\u001b[32m\"inline-flex h-8 w-8 shrink-0 items-center justify-center rounded-lg border border-border/60 bg-background hover:bg-muted\"\u001b[39m\n                  \u001b[33mtype\u001b[39m=\u001b[32m\"button\"\u001b[39m\n                \u001b[36m>\u001b[39m\n                  \u001b[36m<svg\u001b[39m\n                    \u001b[33maria-hidden\u001b[39m=\u001b[32m\"true\"\u001b[39m\n                    \u001b[33mclass\u001b[39m=\u001b[32m\"lucide lucide-panel-left-close h-4 w-4\"\u001b[39m\n                    \u001b[33mfill\u001b[39m=\u001b[32m\"none\"\u001b[39m\n                    \u001b[33mheight\u001b[39m=\u001b[32m\"24\"\u001b[39m\n                    \u001b[33mstroke\u001b[39m=\u001b[32m\"currentColor\"\u001b[39m\n                    \u001b[33mstroke-linecap\u001b[39m=\u001b[32m\"round\"\u001b[39m\n                    \u001b[33mstroke-linejoin\u001b[39m=\u001b[32m\"round\"\u001b[39m\n                    \u001b[33mstroke-width\u001b[39m=\u001b[32m\"2\"\u001b[39m\n                    \u001b[33mviewBox\u001b[39m=\u001b[32m\"0 0 24 24\"\u001b[39m\n                    \u001b[33mwidth\u001b[39m=\u001b[32m\"24\"\u001b[39m\n                    \u001b[33mxmlns\u001b[39m=\u001b[32m\"http://www.w3.org/2000/svg\"\u001b[39m\n                  \u001b[36m>\u001b[39m\n                    \u001b[36m<rect\u001b[39m\n                      \u001b[33mheight\u001b[39m=\u001b[32m\"18\"\u001b[39m\n                      \u001b[33mrx\u001b[39m=\u001b[32m\"2\"\u001b[39m\n                      \u001b[33mwidth\u001b[39m=\u001b[32m\"18\"\u001b[39m\n                      \u001b[33mx\u001b[39m=\u001b[32m\"3\"\u001b[39m\n                      \u001b[33my\u001b[39m=\u001b[32m\"3\"\u001b[39m\n                    \u001b[36m/>\u001b[39m\n                    \u001b[36m<path\u001b[39m\n                      \u001b[33md\u001b[39m=\u001b[32m\"M9 3v18\"\u001b[39m\n                    \u001b[36m/>\u001b[39m\n                    \u001b[36m<path\u001b[39m\n                      \u001b[33md\u001b[39m=\u001b[32m\"m16 15-3-3 3-3\"\u001b[39m\n                    \u001b[36m/>\u001b[39m\n                  \u001b[36m</svg>\u001b[39m\n                \u001b[36m</button>\u001b[39m\n              \u001b[36m</div>\u001b[39m\n            \u001b[36m</div>\u001b[39m\n            \u001b[36m<button\u001b[39m\n              \u001b[33mclass\u001b[39m=\u001b[32m\"mb-3 inline-flex items-center gap-2 rounded-xl bg-muted/40 px-3 py-2 text-sm hover:bg-muted\"\u001b[39m\n              \u001b[33mtype\u001b[39m=\u001b[32m\"button\"\u001b[39m\n            \u001b[36m>\u001b[39m\n              \u001b[36m<svg\u001b[39m\n                \u001b[33maria-hidden\u001b[39m=\u001b[32m\"true\"\u001b[39m\n                \u001b[33mclass\u001b[39m=\u001b[32m\"lucide lucide-message-square-plus h-4 w-4\"\u001b[39m\n                \u001b[33mfill\u001b[39m=\u001b[32m\"none\"\u001b[39m\n                \u001b[33mheight\u001b[39m=\u001b[32m\"24\"\u001b[39m\n                \u001b[33mstroke\u001b[39m=\u001b[32m\"currentColor\"\u001b[39m\n                \u001b[33mstroke-linecap\u001b[39m=\u001b[32m\"round\"\u001b[39m\n                \u001b[33mstroke-linejoin\u001b[39m=\u001b[32m\"round\"\u001b[39m\n                \u001b[33mstroke-width\u001b[39m=\u001b[32m\"2\"\u001b[39m\n                \u001b[33mviewBox\u001b[39m=\u001b[32m\"0 0 24 24\"\u001b[39m\n                \u001b[33mwidth\u001b[39m=\u001b[32m\"24\"\u001b[39m\n                \u001b[33mxmlns\u001b[39m=\u001b[32m\"http://www.w3.org/2000/svg\"\u001b[39m\n              \u001b[36m>\u001b[39m\n                \u001b[36m<path\u001b[39m\n                  \u001b[33md\u001b[39m=\u001b[32m\"M22 17a2 2 0 0 1-2 2H6.828a2 2 0 0 0-1.414.586l-2.202 2.202A.71.71 0 0 1 2 21.286V5a2 2 0 0 1 2-2h16a2 2 0 0 1 2 2z\"\u001b[39m\n                \u001b[36m/>\u001b[39m\n                \u001b[36m<path\u001b[39m\n                  \u001b[33md\u001b[39m=\u001b[32m\"M12 8v6\"\u001b[39m\n                \u001b[36m/>\u001b[39m\n                \u001b[36m<path\u001b[39m\n                  \u001b[33md\u001b[39m=\u001b[32m\"M9 11h6\"\u001b[39m\n                \u001b[36m/>\u001b[39m\n              \u001b[36m</svg>\u001b[39m\n              \u001b[36m<span>\u001b[39m\n                \u001b[0mNew chat\u001b[0m\n              \u001b[36m</span>\u001b[39m\n            \u001b[36m</button>\u001b[39m\n            \u001b[36m<div\u001b[39m\n              \u001b[33mclass\u001b[39m=\u001b[32m\"min-h-0 w-full flex-1 overflow-auto pr-1\"\u001b[39m\n            \u001b[36m>\u001b[39m\n              \u001b[36m<p\u001b[39m\n                \u001b[33mclass\u001b[39m=\u001b[32m\"mb-2 px-2 text-xs uppercase tracking-wide text-muted-foreground\"\u001b[39m\n              \u001b[36m>\u001b[39m\n                \u001b[0mHistory\u001b[0m\n              \u001b[36m</p>\u001b[39m\n              \u001b[36m<div\u001b[39m\n                \u001b[33mclass\u001b[39m=\u001b[32m\"space-y-1\"\u001b[39m\n              \u001b[36m>\u001b[39m\n                \u001b[36m<p\u001b[39m\n                  \u001b[33mclass\u001b[39m=\u001b[32m\"px-2 py-1 text-xs text-muted-foreground\"\u001b[39m\n                \u001b[36m>\u001b[39m\n                  \u001b[0mNo entries yet\u001b[0m\n                \u001b[36m</p>\u001b[39m\n              \u001b[36m</div>\u001b[39m\n            \u001b[36m</div>\u001b[39m\n            \u001b[36m<div\u001b[39m\n              \u001b[33mclass\u001b[39m=\u001b[32m\"mt-3 border-t border-border/40 pt-3\"\u001b[39m\n            \u001b[36m>\u001b[39m\n              \u001b[36m<div\u001b[39m\n                \u001b[33mclass\u001b[39m=\u001b[32m\"flex flex-col gap-3\"\u001b[39m\n              \u001b[36m>\u001b[39m\n                \u001b[36m<div>\u001b[39m\n                  \u001b[36m<p\u001b[39m\n                    \u001b[33mclass\u001b[39m=\u001b[32m\"mb-2 text-xs text-muted-foreground\"\u001b[39m\n                  \u001b[36m>\u001b[39m\n                    \u001b[0mTheme\u001b[0m\n                  \u001b[36m</p>\u001b[39m\n                  \u001b[36m<div\u001b[39m\n                    \u001b[33mclass\u001b[39m=\u001b[32m\"inline-flex rounded-xl border border-border/70 bg-muted/20 p-1\"\u001b[39m\n                  \u001b[36m>\u001b[39m\n                    \u001b[36m<div\u001b[39m\n                      \u001b[33mclass\u001b[39m=\u001b[32m\"relative inline-grid touch-none select-none\"\u001b[39m\n                      \u001b[33mstyle\u001b[39m=\u001b[32m\"grid-template-columns: repeat(3, minmax(0, 1fr));\"\u001b[39m\n                    \u001b[36m>\u001b[39m\n                      \u001b[36m<div\u001b[39m\n                        \u001b[33mclass\u001b[39m=\u001b[32m\"pointer-events-none absolute inset-y-0 left-0 rounded-lg bg-primary transition-transform duration-200 ease-out\"\u001b[39m\n                        \u001b[33mstyle\u001b[39m=\u001b[32m\"width: 33.333333333333336%; transform: translateX(200%);\"\u001b[39m\n                      \u001b[36m/>\u001b[39m\n                      \u001b[36m<button\u001b[39m\n                        \u001b[33maria-label\u001b[39m=\u001b[32m\"Light\"\u001b[39m\n                        \u001b[33mclass\u001b[39m=\u001b[32m\"relative ...\n    at C:/Users/pasha/Desktop/projects/wwew.tech/txt.wwew.tech/src/app/mobile.test.tsx:168:77\n    at runWithExpensiveErrorDiagnosticsDisabled (C:\\Users\\pasha\\Desktop\\projects\\wwew.tech\\txt.wwew.tech\\node_modules\\@testing-library\\dom\\dist\\config.js:47:12)\n    at checkCallback (C:\\Users\\pasha\\Desktop\\projects\\wwew.tech\\txt.wwew.tech\\node_modules\\@testing-library\\dom\\dist\\wait-for.js:124:77)\n    at Timeout.checkRealTimersCallback (C:\\Users\\pasha\\Desktop\\projects\\wwew.tech\\txt.wwew.tech\\node_modules\\@testing-library\\dom\\dist\\wait-for.js:118:16)\n    at listOnTimeout (node:internal/timers:605:17)\n    at processTimers (node:internal/timers:541:7)"],"meta":{}},{"ancestorTitles":["Display section"],"fullName":"Display section --ui-scale CSS var is 1 at default","status":"passed","title":"--ui-scale CSS var is 1 at default","duration":51.27949999999964,"failureMessages":[],"meta":{}},{"ancestorTitles":["Display section"],"fullName":"Display section Compact Mode button is aria-pressed=false by default","status":"passed","title":"Compact Mode button is aria-pressed=false by default","duration":212.89030000000002,"failureMessages":[],"meta":{}},{"ancestorTitles":["Display section"],"fullName":"Display section Compact Mode toggled ON → aria-pressed=true","status":"passed","title":"Compact Mode toggled ON → aria-pressed=true","duration":217.42020000000048,"failureMessages":[],"meta":{}},{"ancestorTitles":["Display section"],"fullName":"Display section Compact Mode adds .compact class to <html>","status":"failed","title":"Compact Mode adds .compact class to <html>","duration":1222.0195000000003,"failureMessages":["AssertionError: expected false to be true // Object.is equality\n\nIgnored nodes: comments, script, style\n\u001b[36m<html\u001b[39m\n  \u001b[33mlang\u001b[39m=\u001b[32m\"en\"\u001b[39m\n  \u001b[33mstyle\u001b[39m=\u001b[32m\"--font-size-offset: 0; --ui-scale: 1;\"\u001b[39m\n\u001b[36m>\u001b[39m\n  \u001b[36m<head />\u001b[39m\n  \u001b[36m<body\u001b[39m\n    \u001b[33mstyle\u001b[39m=\u001b[32m\"\"\u001b[39m\n  \u001b[36m>\u001b[39m\n    \u001b[36m<div>\u001b[39m\n      \u001b[36m<div\u001b[39m\n        \u001b[33mclass\u001b[39m=\u001b[32m\"min-h-screen bg-background text-foreground\"\u001b[39m\n      \u001b[36m>\u001b[39m\n        \u001b[36m<div\u001b[39m\n          \u001b[33mclass\u001b[39m=\u001b[32m\"grid min-h-screen grid-cols-1 xl:grid-cols-[280px_minmax(0,1fr)_1px_var(--right-sidebar-width)]\"\u001b[39m\n          \u001b[33mstyle\u001b[39m=\u001b[32m\"--right-sidebar-width: 320px;\"\u001b[39m\n        \u001b[36m>\u001b[39m\n          \u001b[36m<aside\u001b[39m\n            \u001b[33mclass\u001b[39m=\u001b[32m\"border-r border-border/50 bg-background/90 px-4 py-4 hidden h-screen xl:sticky xl:top-0 xl:flex xl:flex-col\"\u001b[39m\n          \u001b[36m>\u001b[39m\n            \u001b[36m<div\u001b[39m\n              \u001b[33mclass\u001b[39m=\u001b[32m\"mb-3 border-b border-border/40 pb-3\"\u001b[39m\n            \u001b[36m>\u001b[39m\n              \u001b[36m<div\u001b[39m\n                \u001b[33mclass\u001b[39m=\u001b[32m\"flex items-start justify-between gap-2\"\u001b[39m\n              \u001b[36m>\u001b[39m\n                \u001b[36m<div>\u001b[39m\n                  \u001b[36m<p\u001b[39m\n                    \u001b[33mclass\u001b[39m=\u001b[32m\"text-sm font-semibold tracking-tight\"\u001b[39m\n                  \u001b[36m>\u001b[39m\n                    \u001b[0mtxt.wwew.tech\u001b[0m\n                  \u001b[36m</p>\u001b[39m\n                  \u001b[36m<p\u001b[39m\n                    \u001b[33mclass\u001b[39m=\u001b[32m\"text-xs text-muted-foreground\"\u001b[39m\n                  \u001b[36m>\u001b[39m\n                    \u001b[0mLocal Context Cockpit\u001b[0m\n                  \u001b[36m</p>\u001b[39m\n                \u001b[36m</div>\u001b[39m\n                \u001b[36m<button\u001b[39m\n                  \u001b[33mclass\u001b[39m=\u001b[32m\"inline-flex h-8 w-8 shrink-0 items-center justify-center rounded-lg border border-border/60 bg-background hover:bg-muted\"\u001b[39m\n                  \u001b[33mtype\u001b[39m=\u001b[32m\"button\"\u001b[39m\n                \u001b[36m>\u001b[39m\n                  \u001b[36m<svg\u001b[39m\n                    \u001b[33maria-hidden\u001b[39m=\u001b[32m\"true\"\u001b[39m\n                    \u001b[33mclass\u001b[39m=\u001b[32m\"lucide lucide-panel-left-close h-4 w-4\"\u001b[39m\n                    \u001b[33mfill\u001b[39m=\u001b[32m\"none\"\u001b[39m\n                    \u001b[33mheight\u001b[39m=\u001b[32m\"24\"\u001b[39m\n                    \u001b[33mstroke\u001b[39m=\u001b[32m\"currentColor\"\u001b[39m\n                    \u001b[33mstroke-linecap\u001b[39m=\u001b[32m\"round\"\u001b[39m\n                    \u001b[33mstroke-linejoin\u001b[39m=\u001b[32m\"round\"\u001b[39m\n                    \u001b[33mstroke-width\u001b[39m=\u001b[32m\"2\"\u001b[39m\n                    \u001b[33mviewBox\u001b[39m=\u001b[32m\"0 0 24 24\"\u001b[39m\n                    \u001b[33mwidth\u001b[39m=\u001b[32m\"24\"\u001b[39m\n                    \u001b[33mxmlns\u001b[39m=\u001b[32m\"http://www.w3.org/2000/svg\"\u001b[39m\n                  \u001b[36m>\u001b[39m\n                    \u001b[36m<rect\u001b[39m\n                      \u001b[33mheight\u001b[39m=\u001b[32m\"18\"\u001b[39m\n                      \u001b[33mrx\u001b[39m=\u001b[32m\"2\"\u001b[39m\n                      \u001b[33mwidth\u001b[39m=\u001b[32m\"18\"\u001b[39m\n                      \u001b[33mx\u001b[39m=\u001b[32m\"3\"\u001b[39m\n                      \u001b[33my\u001b[39m=\u001b[32m\"3\"\u001b[39m\n                    \u001b[36m/>\u001b[39m\n                    \u001b[36m<path\u001b[39m\n                      \u001b[33md\u001b[39m=\u001b[32m\"M9 3v18\"\u001b[39m\n                    \u001b[36m/>\u001b[39m\n                    \u001b[36m<path\u001b[39m\n                      \u001b[33md\u001b[39m=\u001b[32m\"m16 15-3-3 3-3\"\u001b[39m\n                    \u001b[36m/>\u001b[39m\n                  \u001b[36m</svg>\u001b[39m\n                \u001b[36m</button>\u001b[39m\n              \u001b[36m</div>\u001b[39m\n            \u001b[36m</div>\u001b[39m\n            \u001b[36m<button\u001b[39m\n              \u001b[33mclass\u001b[39m=\u001b[32m\"mb-3 inline-flex items-center gap-2 rounded-xl bg-muted/40 px-3 py-2 text-sm hover:bg-muted\"\u001b[39m\n              \u001b[33mtype\u001b[39m=\u001b[32m\"button\"\u001b[39m\n            \u001b[36m>\u001b[39m\n              \u001b[36m<svg\u001b[39m\n                \u001b[33maria-hidden\u001b[39m=\u001b[32m\"true\"\u001b[39m\n                \u001b[33mclass\u001b[39m=\u001b[32m\"lucide lucide-message-square-plus h-4 w-4\"\u001b[39m\n                \u001b[33mfill\u001b[39m=\u001b[32m\"none\"\u001b[39m\n                \u001b[33mheight\u001b[39m=\u001b[32m\"24\"\u001b[39m\n                \u001b[33mstroke\u001b[39m=\u001b[32m\"currentColor\"\u001b[39m\n                \u001b[33mstroke-linecap\u001b[39m=\u001b[32m\"round\"\u001b[39m\n                \u001b[33mstroke-linejoin\u001b[39m=\u001b[32m\"round\"\u001b[39m\n                \u001b[33mstroke-width\u001b[39m=\u001b[32m\"2\"\u001b[39m\n                \u001b[33mviewBox\u001b[39m=\u001b[32m\"0 0 24 24\"\u001b[39m\n                \u001b[33mwidth\u001b[39m=\u001b[32m\"24\"\u001b[39m\n                \u001b[33mxmlns\u001b[39m=\u001b[32m\"http://www.w3.org/2000/svg\"\u001b[39m\n              \u001b[36m>\u001b[39m\n                \u001b[36m<path\u001b[39m\n                  \u001b[33md\u001b[39m=\u001b[32m\"M22 17a2 2 0 0 1-2 2H6.828a2 2 0 0 0-1.414.586l-2.202 2.202A.71.71 0 0 1 2 21.286V5a2 2 0 0 1 2-2h16a2 2 0 0 1 2 2z\"\u001b[39m\n                \u001b[36m/>\u001b[39m\n                \u001b[36m<path\u001b[39m\n                  \u001b[33md\u001b[39m=\u001b[32m\"M12 8v6\"\u001b[39m\n                \u001b[36m/>\u001b[39m\n                \u001b[36m<path\u001b[39m\n                  \u001b[33md\u001b[39m=\u001b[32m\"M9 11h6\"\u001b[39m\n                \u001b[36m/>\u001b[39m\n              \u001b[36m</svg>\u001b[39m\n              \u001b[36m<span>\u001b[39m\n                \u001b[0mNew chat\u001b[0m\n              \u001b[36m</span>\u001b[39m\n            \u001b[36m</button>\u001b[39m\n            \u001b[36m<div\u001b[39m\n              \u001b[33mclass\u001b[39m=\u001b[32m\"min-h-0 w-full flex-1 overflow-auto pr-1\"\u001b[39m\n            \u001b[36m>\u001b[39m\n              \u001b[36m<p\u001b[39m\n                \u001b[33mclass\u001b[39m=\u001b[32m\"mb-2 px-2 text-xs uppercase tracking-wide text-muted-foreground\"\u001b[39m\n              \u001b[36m>\u001b[39m\n                \u001b[0mHistory\u001b[0m\n              \u001b[36m</p>\u001b[39m\n              \u001b[36m<div\u001b[39m\n                \u001b[33mclass\u001b[39m=\u001b[32m\"space-y-1\"\u001b[39m\n              \u001b[36m>\u001b[39m\n                \u001b[36m<p\u001b[39m\n                  \u001b[33mclass\u001b[39m=\u001b[32m\"px-2 py-1 text-xs text-muted-foreground\"\u001b[39m\n                \u001b[36m>\u001b[39m\n                  \u001b[0mNo entries yet\u001b[0m\n                \u001b[36m</p>\u001b[39m\n              \u001b[36m</div>\u001b[39m\n            \u001b[36m</div>\u001b[39m\n            \u001b[36m<div\u001b[39m\n              \u001b[33mclass\u001b[39m=\u001b[32m\"mt-3 border-t border-border/40 pt-3\"\u001b[39m\n            \u001b[36m>\u001b[39m\n              \u001b[36m<div\u001b[39m\n                \u001b[33mclass\u001b[39m=\u001b[32m\"flex flex-col gap-3\"\u001b[39m\n              \u001b[36m>\u001b[39m\n                \u001b[36m<div>\u001b[39m\n                  \u001b[36m<p\u001b[39m\n                    \u001b[33mclass\u001b[39m=\u001b[32m\"mb-2 text-xs text-muted-foreground\"\u001b[39m\n                  \u001b[36m>\u001b[39m\n                    \u001b[0mTheme\u001b[0m\n                  \u001b[36m</p>\u001b[39m\n                  \u001b[36m<div\u001b[39m\n                    \u001b[33mclass\u001b[39m=\u001b[32m\"inline-flex rounded-xl border border-border/70 bg-muted/20 p-1\"\u001b[39m\n                  \u001b[36m>\u001b[39m\n                    \u001b[36m<div\u001b[39m\n                      \u001b[33mclass\u001b[39m=\u001b[32m\"relative inline-grid touch-none select-none\"\u001b[39m\n                      \u001b[33mstyle\u001b[39m=\u001b[32m\"grid-template-columns: repeat(3, minmax(0, 1fr));\"\u001b[39m\n                    \u001b[36m>\u001b[39m\n                      \u001b[36m<div\u001b[39m\n                        \u001b[33mclass\u001b[39m=\u001b[32m\"pointer-events-none absolute inset-y-0 left-0 rounded-lg bg-primary transition-transform duration-200 ease-out\"\u001b[39m\n                        \u001b[33mstyle\u001b[39m=\u001b[32m\"width: 33.333333333333336%; transform: translateX(200%);\"\u001b[39m\n                      \u001b[36m/>\u001b[39m\n                      \u001b[36m<button\u001b[39m\n                        \u001b[33maria-label\u001b[39m=\u001b[32m\"Light\"\u001b[39m\n                        \u001b[33mclass\u001b[39m=\u001b[32m\"relative ...\n    at C:/Users/pasha/Desktop/projects/wwew.tech/txt.wwew.tech/src/app/mobile.test.tsx:202:88\n    at runWithExpensiveErrorDiagnosticsDisabled (C:\\Users\\pasha\\Desktop\\projects\\wwew.tech\\txt.wwew.tech\\node_modules\\@testing-library\\dom\\dist\\config.js:47:12)\n    at checkCallback (C:\\Users\\pasha\\Desktop\\projects\\wwew.tech\\txt.wwew.tech\\node_modules\\@testing-library\\dom\\dist\\wait-for.js:124:77)\n    at Timeout.checkRealTimersCallback (C:\\Users\\pasha\\Desktop\\projects\\wwew.tech\\txt.wwew.tech\\node_modules\\@testing-library\\dom\\dist\\wait-for.js:118:16)\n    at listOnTimeout (node:internal/timers:605:17)\n    at processTimers (node:internal/timers:541:7)"],"meta":{}},{"ancestorTitles":["Display section"],"fullName":"Display section Compact Mode toggled OFF removes .compact class from <html>","status":"passed","title":"Compact Mode toggled OFF removes .compact class from <html>","duration":218.2446,"failureMessages":[],"meta":{}},{"ancestorTitles":["Display section"],"fullName":"Display section Font size + increments offset from 0 to +1","status":"passed","title":"Font size + increments offset from 0 to +1","duration":65.1842000000006,"failureMessages":[],"meta":{}},{"ancestorTitles":["Display section"],"fullName":"Display section Font size − decrements offset from 0 to −1","status":"passed","title":"Font size − decrements offset from 0 to −1","duration":79.32980000000043,"failureMessages":[],"meta":{}},{"ancestorTitles":["Display section"],"fullName":"Display section Font size offset clamped at +4","status":"passed","title":"Font size offset clamped at +4","duration":74.97019999999884,"failureMessages":[],"meta":{}},{"ancestorTitles":["Display section"],"fullName":"Display section Font size offset clamped at −2","status":"passed","title":"Font size offset clamped at −2","duration":61.235899999999674,"failureMessages":[],"meta":{}},{"ancestorTitles":["localStorage persistence"],"fullName":"localStorage persistence writes viewMode=cards on initial render","status":"passed","title":"writes viewMode=cards on initial render","duration":41.16269999999895,"failureMessages":[],"meta":{}},{"ancestorTitles":["localStorage persistence"],"fullName":"localStorage persistence writes sortMode=latest on initial render","status":"passed","title":"writes sortMode=latest on initial render","duration":51.37280000000101,"failureMessages":[],"meta":{}},{"ancestorTitles":["localStorage persistence"],"fullName":"localStorage persistence writes settings.ignoredDirectories with node_modules","status":"passed","title":"writes settings.ignoredDirectories with node_modules","duration":28.556400000001304,"failureMessages":[],"meta":{}},{"ancestorTitles":["localStorage persistence"],"fullName":"localStorage persistence writes settings.excludedExtensions with lock","status":"passed","title":"writes settings.excludedExtensions with lock","duration":14.374299999999494,"failureMessages":[],"meta":{}},{"ancestorTitles":["localStorage persistence"],"fullName":"localStorage persistence persists uiScale=115 after Large preset click","status":"failed","title":"persists uiScale=115 after Large preset click","duration":1211.3529999999992,"failureMessages":["AssertionError: expected 100 to be 115 // Object.is equality\n\nIgnored nodes: comments, script, style\n\u001b[36m<html\u001b[39m\n  \u001b[33mlang\u001b[39m=\u001b[32m\"en\"\u001b[39m\n  \u001b[33mstyle\u001b[39m=\u001b[32m\"--font-size-offset: 0; --ui-scale: 1;\"\u001b[39m\n\u001b[36m>\u001b[39m\n  \u001b[36m<head />\u001b[39m\n  \u001b[36m<body\u001b[39m\n    \u001b[33mstyle\u001b[39m=\u001b[32m\"\"\u001b[39m\n  \u001b[36m>\u001b[39m\n    \u001b[36m<div>\u001b[39m\n      \u001b[36m<div\u001b[39m\n        \u001b[33mclass\u001b[39m=\u001b[32m\"min-h-screen bg-background text-foreground\"\u001b[39m\n      \u001b[36m>\u001b[39m\n        \u001b[36m<div\u001b[39m\n          \u001b[33mclass\u001b[39m=\u001b[32m\"grid min-h-screen grid-cols-1 xl:grid-cols-[280px_minmax(0,1fr)_1px_var(--right-sidebar-width)]\"\u001b[39m\n          \u001b[33mstyle\u001b[39m=\u001b[32m\"--right-sidebar-width: 320px;\"\u001b[39m\n        \u001b[36m>\u001b[39m\n          \u001b[36m<aside\u001b[39m\n            \u001b[33mclass\u001b[39m=\u001b[32m\"border-r border-border/50 bg-background/90 px-4 py-4 hidden h-screen xl:sticky xl:top-0 xl:flex xl:flex-col\"\u001b[39m\n          \u001b[36m>\u001b[39m\n            \u001b[36m<div\u001b[39m\n              \u001b[33mclass\u001b[39m=\u001b[32m\"mb-3 border-b border-border/40 pb-3\"\u001b[39m\n            \u001b[36m>\u001b[39m\n              \u001b[36m<div\u001b[39m\n                \u001b[33mclass\u001b[39m=\u001b[32m\"flex items-start justify-between gap-2\"\u001b[39m\n              \u001b[36m>\u001b[39m\n                \u001b[36m<div>\u001b[39m\n                  \u001b[36m<p\u001b[39m\n                    \u001b[33mclass\u001b[39m=\u001b[32m\"text-sm font-semibold tracking-tight\"\u001b[39m\n                  \u001b[36m>\u001b[39m\n                    \u001b[0mtxt.wwew.tech\u001b[0m\n                  \u001b[36m</p>\u001b[39m\n                  \u001b[36m<p\u001b[39m\n                    \u001b[33mclass\u001b[39m=\u001b[32m\"text-xs text-muted-foreground\"\u001b[39m\n                  \u001b[36m>\u001b[39m\n                    \u001b[0mLocal Context Cockpit\u001b[0m\n                  \u001b[36m</p>\u001b[39m\n                \u001b[36m</div>\u001b[39m\n                \u001b[36m<button\u001b[39m\n                  \u001b[33mclass\u001b[39m=\u001b[32m\"inline-flex h-8 w-8 shrink-0 items-center justify-center rounded-lg border border-border/60 bg-background hover:bg-muted\"\u001b[39m\n                  \u001b[33mtype\u001b[39m=\u001b[32m\"button\"\u001b[39m\n                \u001b[36m>\u001b[39m\n                  \u001b[36m<svg\u001b[39m\n                    \u001b[33maria-hidden\u001b[39m=\u001b[32m\"true\"\u001b[39m\n                    \u001b[33mclass\u001b[39m=\u001b[32m\"lucide lucide-panel-left-close h-4 w-4\"\u001b[39m\n                    \u001b[33mfill\u001b[39m=\u001b[32m\"none\"\u001b[39m\n                    \u001b[33mheight\u001b[39m=\u001b[32m\"24\"\u001b[39m\n                    \u001b[33mstroke\u001b[39m=\u001b[32m\"currentColor\"\u001b[39m\n                    \u001b[33mstroke-linecap\u001b[39m=\u001b[32m\"round\"\u001b[39m\n                    \u001b[33mstroke-linejoin\u001b[39m=\u001b[32m\"round\"\u001b[39m\n                    \u001b[33mstroke-width\u001b[39m=\u001b[32m\"2\"\u001b[39m\n                    \u001b[33mviewBox\u001b[39m=\u001b[32m\"0 0 24 24\"\u001b[39m\n                    \u001b[33mwidth\u001b[39m=\u001b[32m\"24\"\u001b[39m\n                    \u001b[33mxmlns\u001b[39m=\u001b[32m\"http://www.w3.org/2000/svg\"\u001b[39m\n                  \u001b[36m>\u001b[39m\n                    \u001b[36m<rect\u001b[39m\n                      \u001b[33mheight\u001b[39m=\u001b[32m\"18\"\u001b[39m\n                      \u001b[33mrx\u001b[39m=\u001b[32m\"2\"\u001b[39m\n                      \u001b[33mwidth\u001b[39m=\u001b[32m\"18\"\u001b[39m\n                      \u001b[33mx\u001b[39m=\u001b[32m\"3\"\u001b[39m\n                      \u001b[33my\u001b[39m=\u001b[32m\"3\"\u001b[39m\n                    \u001b[36m/>\u001b[39m\n                    \u001b[36m<path\u001b[39m\n                      \u001b[33md\u001b[39m=\u001b[32m\"M9 3v18\"\u001b[39m\n                    \u001b[36m/>\u001b[39m\n                    \u001b[36m<path\u001b[39m\n                      \u001b[33md\u001b[39m=\u001b[32m\"m16 15-3-3 3-3\"\u001b[39m\n                    \u001b[36m/>\u001b[39m\n                  \u001b[36m</svg>\u001b[39m\n                \u001b[36m</button>\u001b[39m\n              \u001b[36m</div>\u001b[39m\n            \u001b[36m</div>\u001b[39m\n            \u001b[36m<button\u001b[39m\n              \u001b[33mclass\u001b[39m=\u001b[32m\"mb-3 inline-flex items-center gap-2 rounded-xl bg-muted/40 px-3 py-2 text-sm hover:bg-muted\"\u001b[39m\n              \u001b[33mtype\u001b[39m=\u001b[32m\"button\"\u001b[39m\n            \u001b[36m>\u001b[39m\n              \u001b[36m<svg\u001b[39m\n                \u001b[33maria-hidden\u001b[39m=\u001b[32m\"true\"\u001b[39m\n                \u001b[33mclass\u001b[39m=\u001b[32m\"lucide lucide-message-square-plus h-4 w-4\"\u001b[39m\n                \u001b[33mfill\u001b[39m=\u001b[32m\"none\"\u001b[39m\n                \u001b[33mheight\u001b[39m=\u001b[32m\"24\"\u001b[39m\n                \u001b[33mstroke\u001b[39m=\u001b[32m\"currentColor\"\u001b[39m\n                \u001b[33mstroke-linecap\u001b[39m=\u001b[32m\"round\"\u001b[39m\n                \u001b[33mstroke-linejoin\u001b[39m=\u001b[32m\"round\"\u001b[39m\n                \u001b[33mstroke-width\u001b[39m=\u001b[32m\"2\"\u001b[39m\n                \u001b[33mviewBox\u001b[39m=\u001b[32m\"0 0 24 24\"\u001b[39m\n                \u001b[33mwidth\u001b[39m=\u001b[32m\"24\"\u001b[39m\n                \u001b[33mxmlns\u001b[39m=\u001b[32m\"http://www.w3.org/2000/svg\"\u001b[39m\n              \u001b[36m>\u001b[39m\n                \u001b[36m<path\u001b[39m\n                  \u001b[33md\u001b[39m=\u001b[32m\"M22 17a2 2 0 0 1-2 2H6.828a2 2 0 0 0-1.414.586l-2.202 2.202A.71.71 0 0 1 2 21.286V5a2 2 0 0 1 2-2h16a2 2 0 0 1 2 2z\"\u001b[39m\n                \u001b[36m/>\u001b[39m\n                \u001b[36m<path\u001b[39m\n                  \u001b[33md\u001b[39m=\u001b[32m\"M12 8v6\"\u001b[39m\n                \u001b[36m/>\u001b[39m\n                \u001b[36m<path\u001b[39m\n                  \u001b[33md\u001b[39m=\u001b[32m\"M9 11h6\"\u001b[39m\n                \u001b[36m/>\u001b[39m\n              \u001b[36m</svg>\u001b[39m\n              \u001b[36m<span>\u001b[39m\n                \u001b[0mNew chat\u001b[0m\n              \u001b[36m</span>\u001b[39m\n            \u001b[36m</button>\u001b[39m\n            \u001b[36m<div\u001b[39m\n              \u001b[33mclass\u001b[39m=\u001b[32m\"min-h-0 w-full flex-1 overflow-auto pr-1\"\u001b[39m\n            \u001b[36m>\u001b[39m\n              \u001b[36m<p\u001b[39m\n                \u001b[33mclass\u001b[39m=\u001b[32m\"mb-2 px-2 text-xs uppercase tracking-wide text-muted-foreground\"\u001b[39m\n              \u001b[36m>\u001b[39m\n                \u001b[0mHistory\u001b[0m\n              \u001b[36m</p>\u001b[39m\n              \u001b[36m<div\u001b[39m\n                \u001b[33mclass\u001b[39m=\u001b[32m\"space-y-1\"\u001b[39m\n              \u001b[36m>\u001b[39m\n                \u001b[36m<p\u001b[39m\n                  \u001b[33mclass\u001b[39m=\u001b[32m\"px-2 py-1 text-xs text-muted-foreground\"\u001b[39m\n                \u001b[36m>\u001b[39m\n                  \u001b[0mNo entries yet\u001b[0m\n                \u001b[36m</p>\u001b[39m\n              \u001b[36m</div>\u001b[39m\n            \u001b[36m</div>\u001b[39m\n            \u001b[36m<div\u001b[39m\n              \u001b[33mclass\u001b[39m=\u001b[32m\"mt-3 border-t border-border/40 pt-3\"\u001b[39m\n            \u001b[36m>\u001b[39m\n              \u001b[36m<div\u001b[39m\n                \u001b[33mclass\u001b[39m=\u001b[32m\"flex flex-col gap-3\"\u001b[39m\n              \u001b[36m>\u001b[39m\n                \u001b[36m<div>\u001b[39m\n                  \u001b[36m<p\u001b[39m\n                    \u001b[33mclass\u001b[39m=\u001b[32m\"mb-2 text-xs text-muted-foreground\"\u001b[39m\n                  \u001b[36m>\u001b[39m\n                    \u001b[0mTheme\u001b[0m\n                  \u001b[36m</p>\u001b[39m\n                  \u001b[36m<div\u001b[39m\n                    \u001b[33mclass\u001b[39m=\u001b[32m\"inline-flex rounded-xl border border-border/70 bg-muted/20 p-1\"\u001b[39m\n                  \u001b[36m>\u001b[39m\n                    \u001b[36m<div\u001b[39m\n                      \u001b[33mclass\u001b[39m=\u001b[32m\"relative inline-grid touch-none select-none\"\u001b[39m\n                      \u001b[33mstyle\u001b[39m=\u001b[32m\"grid-template-columns: repeat(3, minmax(0, 1fr));\"\u001b[39m\n                    \u001b[36m>\u001b[39m\n                      \u001b[36m<div\u001b[39m\n                        \u001b[33mclass\u001b[39m=\u001b[32m\"pointer-events-none absolute inset-y-0 left-0 rounded-lg bg-primary transition-transform duration-200 ease-out\"\u001b[39m\n                        \u001b[33mstyle\u001b[39m=\u001b[32m\"width: 33.333333333333336%; transform: translateX(200%);\"\u001b[39m\n                      \u001b[36m/>\u001b[39m\n                      \u001b[36m<button\u001b[39m\n                        \u001b[33maria-label\u001b[39m=\u001b[32m\"Light\"\u001b[39m\n                        \u001b[33mclass\u001b[39m=\u001b[32m\"relative ...\n    at C:/Users/pasha/Desktop/projects/wwew.tech/txt.wwew.tech/src/app/mobile.test.tsx:309:26\n    at runWithExpensiveErrorDiagnosticsDisabled (C:\\Users\\pasha\\Desktop\\projects\\wwew.tech\\txt.wwew.tech\\node_modules\\@testing-library\\dom\\dist\\config.js:47:12)\n    at checkCallback (C:\\Users\\pasha\\Desktop\\projects\\wwew.tech\\txt.wwew.tech\\node_modules\\@testing-library\\dom\\dist\\wait-for.js:124:77)\n    at Timeout.checkRealTimersCallback (C:\\Users\\pasha\\Desktop\\projects\\wwew.tech\\txt.wwew.tech\\node_modules\\@testing-library\\dom\\dist\\wait-for.js:118:16)\n    at listOnTimeout (node:internal/timers:605:17)\n    at processTimers (node:internal/timers:541:7)"],"meta":{}},{"ancestorTitles":["localStorage persistence"],"fullName":"localStorage persistence persists compactMode=true after toggle","status":"failed","title":"persists compactMode=true after toggle","duration":1219.0301,"failureMessages":["AssertionError: expected false to be true // Object.is equality\n\nIgnored nodes: comments, script, style\n\u001b[36m<html\u001b[39m\n  \u001b[33mlang\u001b[39m=\u001b[32m\"en\"\u001b[39m\n  \u001b[33mstyle\u001b[39m=\u001b[32m\"--font-size-offset: 0; --ui-scale: 1;\"\u001b[39m\n\u001b[36m>\u001b[39m\n  \u001b[36m<head />\u001b[39m\n  \u001b[36m<body\u001b[39m\n    \u001b[33mstyle\u001b[39m=\u001b[32m\"\"\u001b[39m\n  \u001b[36m>\u001b[39m\n    \u001b[36m<div>\u001b[39m\n      \u001b[36m<div\u001b[39m\n        \u001b[33mclass\u001b[39m=\u001b[32m\"min-h-screen bg-background text-foreground\"\u001b[39m\n      \u001b[36m>\u001b[39m\n        \u001b[36m<div\u001b[39m\n          \u001b[33mclass\u001b[39m=\u001b[32m\"grid min-h-screen grid-cols-1 xl:grid-cols-[280px_minmax(0,1fr)_1px_var(--right-sidebar-width)]\"\u001b[39m\n          \u001b[33mstyle\u001b[39m=\u001b[32m\"--right-sidebar-width: 320px;\"\u001b[39m\n        \u001b[36m>\u001b[39m\n          \u001b[36m<aside\u001b[39m\n            \u001b[33mclass\u001b[39m=\u001b[32m\"border-r border-border/50 bg-background/90 px-4 py-4 hidden h-screen xl:sticky xl:top-0 xl:flex xl:flex-col\"\u001b[39m\n          \u001b[36m>\u001b[39m\n            \u001b[36m<div\u001b[39m\n              \u001b[33mclass\u001b[39m=\u001b[32m\"mb-3 border-b border-border/40 pb-3\"\u001b[39m\n            \u001b[36m>\u001b[39m\n              \u001b[36m<div\u001b[39m\n                \u001b[33mclass\u001b[39m=\u001b[32m\"flex items-start justify-between gap-2\"\u001b[39m\n              \u001b[36m>\u001b[39m\n                \u001b[36m<div>\u001b[39m\n                  \u001b[36m<p\u001b[39m\n                    \u001b[33mclass\u001b[39m=\u001b[32m\"text-sm font-semibold tracking-tight\"\u001b[39m\n                  \u001b[36m>\u001b[39m\n                    \u001b[0mtxt.wwew.tech\u001b[0m\n                  \u001b[36m</p>\u001b[39m\n                  \u001b[36m<p\u001b[39m\n                    \u001b[33mclass\u001b[39m=\u001b[32m\"text-xs text-muted-foreground\"\u001b[39m\n                  \u001b[36m>\u001b[39m\n                    \u001b[0mLocal Context Cockpit\u001b[0m\n                  \u001b[36m</p>\u001b[39m\n                \u001b[36m</div>\u001b[39m\n                \u001b[36m<button\u001b[39m\n                  \u001b[33mclass\u001b[39m=\u001b[32m\"inline-flex h-8 w-8 shrink-0 items-center justify-center rounded-lg border border-border/60 bg-background hover:bg-muted\"\u001b[39m\n                  \u001b[33mtype\u001b[39m=\u001b[32m\"button\"\u001b[39m\n                \u001b[36m>\u001b[39m\n                  \u001b[36m<svg\u001b[39m\n                    \u001b[33maria-hidden\u001b[39m=\u001b[32m\"true\"\u001b[39m\n                    \u001b[33mclass\u001b[39m=\u001b[32m\"lucide lucide-panel-left-close h-4 w-4\"\u001b[39m\n                    \u001b[33mfill\u001b[39m=\u001b[32m\"none\"\u001b[39m\n                    \u001b[33mheight\u001b[39m=\u001b[32m\"24\"\u001b[39m\n                    \u001b[33mstroke\u001b[39m=\u001b[32m\"currentColor\"\u001b[39m\n                    \u001b[33mstroke-linecap\u001b[39m=\u001b[32m\"round\"\u001b[39m\n                    \u001b[33mstroke-linejoin\u001b[39m=\u001b[32m\"round\"\u001b[39m\n                    \u001b[33mstroke-width\u001b[39m=\u001b[32m\"2\"\u001b[39m\n                    \u001b[33mviewBox\u001b[39m=\u001b[32m\"0 0 24 24\"\u001b[39m\n                    \u001b[33mwidth\u001b[39m=\u001b[32m\"24\"\u001b[39m\n                    \u001b[33mxmlns\u001b[39m=\u001b[32m\"http://www.w3.org/2000/svg\"\u001b[39m\n                  \u001b[36m>\u001b[39m\n                    \u001b[36m<rect\u001b[39m\n                      \u001b[33mheight\u001b[39m=\u001b[32m\"18\"\u001b[39m\n                      \u001b[33mrx\u001b[39m=\u001b[32m\"2\"\u001b[39m\n                      \u001b[33mwidth\u001b[39m=\u001b[32m\"18\"\u001b[39m\n                      \u001b[33mx\u001b[39m=\u001b[32m\"3\"\u001b[39m\n                      \u001b[33my\u001b[39m=\u001b[32m\"3\"\u001b[39m\n                    \u001b[36m/>\u001b[39m\n                    \u001b[36m<path\u001b[39m\n                      \u001b[33md\u001b[39m=\u001b[32m\"M9 3v18\"\u001b[39m\n                    \u001b[36m/>\u001b[39m\n                    \u001b[36m<path\u001b[39m\n                      \u001b[33md\u001b[39m=\u001b[32m\"m16 15-3-3 3-3\"\u001b[39m\n                    \u001b[36m/>\u001b[39m\n                  \u001b[36m</svg>\u001b[39m\n                \u001b[36m</button>\u001b[39m\n              \u001b[36m</div>\u001b[39m\n            \u001b[36m</div>\u001b[39m\n            \u001b[36m<button\u001b[39m\n              \u001b[33mclass\u001b[39m=\u001b[32m\"mb-3 inline-flex items-center gap-2 rounded-xl bg-muted/40 px-3 py-2 text-sm hover:bg-muted\"\u001b[39m\n              \u001b[33mtype\u001b[39m=\u001b[32m\"button\"\u001b[39m\n            \u001b[36m>\u001b[39m\n              \u001b[36m<svg\u001b[39m\n                \u001b[33maria-hidden\u001b[39m=\u001b[32m\"true\"\u001b[39m\n                \u001b[33mclass\u001b[39m=\u001b[32m\"lucide lucide-message-square-plus h-4 w-4\"\u001b[39m\n                \u001b[33mfill\u001b[39m=\u001b[32m\"none\"\u001b[39m\n                \u001b[33mheight\u001b[39m=\u001b[32m\"24\"\u001b[39m\n                \u001b[33mstroke\u001b[39m=\u001b[32m\"currentColor\"\u001b[39m\n                \u001b[33mstroke-linecap\u001b[39m=\u001b[32m\"round\"\u001b[39m\n                \u001b[33mstroke-linejoin\u001b[39m=\u001b[32m\"round\"\u001b[39m\n                \u001b[33mstroke-width\u001b[39m=\u001b[32m\"2\"\u001b[39m\n                \u001b[33mviewBox\u001b[39m=\u001b[32m\"0 0 24 24\"\u001b[39m\n                \u001b[33mwidth\u001b[39m=\u001b[32m\"24\"\u001b[39m\n                \u001b[33mxmlns\u001b[39m=\u001b[32m\"http://www.w3.org/2000/svg\"\u001b[39m\n              \u001b[36m>\u001b[39m\n                \u001b[36m<path\u001b[39m\n                  \u001b[33md\u001b[39m=\u001b[32m\"M22 17a2 2 0 0 1-2 2H6.828a2 2 0 0 0-1.414.586l-2.202 2.202A.71.71 0 0 1 2 21.286V5a2 2 0 0 1 2-2h16a2 2 0 0 1 2 2z\"\u001b[39m\n                \u001b[36m/>\u001b[39m\n                \u001b[36m<path\u001b[39m\n                  \u001b[33md\u001b[39m=\u001b[32m\"M12 8v6\"\u001b[39m\n                \u001b[36m/>\u001b[39m\n                \u001b[36m<path\u001b[39m\n                  \u001b[33md\u001b[39m=\u001b[32m\"M9 11h6\"\u001b[39m\n                \u001b[36m/>\u001b[39m\n              \u001b[36m</svg>\u001b[39m\n              \u001b[36m<span>\u001b[39m\n                \u001b[0mNew chat\u001b[0m\n              \u001b[36m</span>\u001b[39m\n            \u001b[36m</button>\u001b[39m\n            \u001b[36m<div\u001b[39m\n              \u001b[33mclass\u001b[39m=\u001b[32m\"min-h-0 w-full flex-1 overflow-auto pr-1\"\u001b[39m\n            \u001b[36m>\u001b[39m\n              \u001b[36m<p\u001b[39m\n                \u001b[33mclass\u001b[39m=\u001b[32m\"mb-2 px-2 text-xs uppercase tracking-wide text-muted-foreground\"\u001b[39m\n              \u001b[36m>\u001b[39m\n                \u001b[0mHistory\u001b[0m\n              \u001b[36m</p>\u001b[39m\n              \u001b[36m<div\u001b[39m\n                \u001b[33mclass\u001b[39m=\u001b[32m\"space-y-1\"\u001b[39m\n              \u001b[36m>\u001b[39m\n                \u001b[36m<p\u001b[39m\n                  \u001b[33mclass\u001b[39m=\u001b[32m\"px-2 py-1 text-xs text-muted-foreground\"\u001b[39m\n                \u001b[36m>\u001b[39m\n                  \u001b[0mNo entries yet\u001b[0m\n                \u001b[36m</p>\u001b[39m\n              \u001b[36m</div>\u001b[39m\n            \u001b[36m</div>\u001b[39m\n            \u001b[36m<div\u001b[39m\n              \u001b[33mclass\u001b[39m=\u001b[32m\"mt-3 border-t border-border/40 pt-3\"\u001b[39m\n            \u001b[36m>\u001b[39m\n              \u001b[36m<div\u001b[39m\n                \u001b[33mclass\u001b[39m=\u001b[32m\"flex flex-col gap-3\"\u001b[39m\n              \u001b[36m>\u001b[39m\n                \u001b[36m<div>\u001b[39m\n                  \u001b[36m<p\u001b[39m\n                    \u001b[33mclass\u001b[39m=\u001b[32m\"mb-2 text-xs text-muted-foreground\"\u001b[39m\n                  \u001b[36m>\u001b[39m\n                    \u001b[0mTheme\u001b[0m\n                  \u001b[36m</p>\u001b[39m\n                  \u001b[36m<div\u001b[39m\n                    \u001b[33mclass\u001b[39m=\u001b[32m\"inline-flex rounded-xl border border-border/70 bg-muted/20 p-1\"\u001b[39m\n                  \u001b[36m>\u001b[39m\n                    \u001b[36m<div\u001b[39m\n                      \u001b[33mclass\u001b[39m=\u001b[32m\"relative inline-grid touch-none select-none\"\u001b[39m\n                      \u001b[33mstyle\u001b[39m=\u001b[32m\"grid-template-columns: repeat(3, minmax(0, 1fr));\"\u001b[39m\n                    \u001b[36m>\u001b[39m\n                      \u001b[36m<div\u001b[39m\n                        \u001b[33mclass\u001b[39m=\u001b[32m\"pointer-events-none absolute inset-y-0 left-0 rounded-lg bg-primary transition-transform duration-200 ease-out\"\u001b[39m\n                        \u001b[33mstyle\u001b[39m=\u001b[32m\"width: 33.333333333333336%; transform: translateX(200%);\"\u001b[39m\n                      \u001b[36m/>\u001b[39m\n                      \u001b[36m<button\u001b[39m\n                        \u001b[33maria-label\u001b[39m=\u001b[32m\"Light\"\u001b[39m\n                        \u001b[33mclass\u001b[39m=\u001b[32m\"relative ...\n    at C:/Users/pasha/Desktop/projects/wwew.tech/txt.wwew.tech/src/app/mobile.test.tsx:320:30\n    at runWithExpensiveErrorDiagnosticsDisabled (C:\\Users\\pasha\\Desktop\\projects\\wwew.tech\\txt.wwew.tech\\node_modules\\@testing-library\\dom\\dist\\config.js:47:12)\n    at checkCallback (C:\\Users\\pasha\\Desktop\\projects\\wwew.tech\\txt.wwew.tech\\node_modules\\@testing-library\\dom\\dist\\wait-for.js:124:77)\n    at Timeout.checkRealTimersCallback (C:\\Users\\pasha\\Desktop\\projects\\wwew.tech\\txt.wwew.tech\\node_modules\\@testing-library\\dom\\dist\\wait-for.js:118:16)\n    at listOnTimeout (node:internal/timers:605:17)\n    at processTimers (node:internal/timers:541:7)"],"meta":{}},{"ancestorTitles":["localStorage persistence"],"fullName":"localStorage persistence persists fontSizeOffset=1 after + click","status":"failed","title":"persists fontSizeOffset=1 after + click","duration":1071.011199999999,"failureMessages":["AssertionError: expected +0 to be 1 // Object.is equality\n\nIgnored nodes: comments, script, style\n\u001b[36m<html\u001b[39m\n  \u001b[33mlang\u001b[39m=\u001b[32m\"en\"\u001b[39m\n  \u001b[33mstyle\u001b[39m=\u001b[32m\"--font-size-offset: 0; --ui-scale: 1;\"\u001b[39m\n\u001b[36m>\u001b[39m\n  \u001b[36m<head />\u001b[39m\n  \u001b[36m<body\u001b[39m\n    \u001b[33mstyle\u001b[39m=\u001b[32m\"\"\u001b[39m\n  \u001b[36m>\u001b[39m\n    \u001b[36m<div>\u001b[39m\n      \u001b[36m<div\u001b[39m\n        \u001b[33mclass\u001b[39m=\u001b[32m\"min-h-screen bg-background text-foreground\"\u001b[39m\n      \u001b[36m>\u001b[39m\n        \u001b[36m<div\u001b[39m\n          \u001b[33mclass\u001b[39m=\u001b[32m\"grid min-h-screen grid-cols-1 xl:grid-cols-[280px_minmax(0,1fr)_1px_var(--right-sidebar-width)]\"\u001b[39m\n          \u001b[33mstyle\u001b[39m=\u001b[32m\"--right-sidebar-width: 320px;\"\u001b[39m\n        \u001b[36m>\u001b[39m\n          \u001b[36m<aside\u001b[39m\n            \u001b[33mclass\u001b[39m=\u001b[32m\"border-r border-border/50 bg-background/90 px-4 py-4 hidden h-screen xl:sticky xl:top-0 xl:flex xl:flex-col\"\u001b[39m\n          \u001b[36m>\u001b[39m\n            \u001b[36m<div\u001b[39m\n              \u001b[33mclass\u001b[39m=\u001b[32m\"mb-3 border-b border-border/40 pb-3\"\u001b[39m\n            \u001b[36m>\u001b[39m\n              \u001b[36m<div\u001b[39m\n                \u001b[33mclass\u001b[39m=\u001b[32m\"flex items-start justify-between gap-2\"\u001b[39m\n              \u001b[36m>\u001b[39m\n                \u001b[36m<div>\u001b[39m\n                  \u001b[36m<p\u001b[39m\n                    \u001b[33mclass\u001b[39m=\u001b[32m\"text-sm font-semibold tracking-tight\"\u001b[39m\n                  \u001b[36m>\u001b[39m\n                    \u001b[0mtxt.wwew.tech\u001b[0m\n                  \u001b[36m</p>\u001b[39m\n                  \u001b[36m<p\u001b[39m\n                    \u001b[33mclass\u001b[39m=\u001b[32m\"text-xs text-muted-foreground\"\u001b[39m\n                  \u001b[36m>\u001b[39m\n                    \u001b[0mLocal Context Cockpit\u001b[0m\n                  \u001b[36m</p>\u001b[39m\n                \u001b[36m</div>\u001b[39m\n                \u001b[36m<button\u001b[39m\n                  \u001b[33mclass\u001b[39m=\u001b[32m\"inline-flex h-8 w-8 shrink-0 items-center justify-center rounded-lg border border-border/60 bg-background hover:bg-muted\"\u001b[39m\n                  \u001b[33mtype\u001b[39m=\u001b[32m\"button\"\u001b[39m\n                \u001b[36m>\u001b[39m\n                  \u001b[36m<svg\u001b[39m\n                    \u001b[33maria-hidden\u001b[39m=\u001b[32m\"true\"\u001b[39m\n                    \u001b[33mclass\u001b[39m=\u001b[32m\"lucide lucide-panel-left-close h-4 w-4\"\u001b[39m\n                    \u001b[33mfill\u001b[39m=\u001b[32m\"none\"\u001b[39m\n                    \u001b[33mheight\u001b[39m=\u001b[32m\"24\"\u001b[39m\n                    \u001b[33mstroke\u001b[39m=\u001b[32m\"currentColor\"\u001b[39m\n                    \u001b[33mstroke-linecap\u001b[39m=\u001b[32m\"round\"\u001b[39m\n                    \u001b[33mstroke-linejoin\u001b[39m=\u001b[32m\"round\"\u001b[39m\n                    \u001b[33mstroke-width\u001b[39m=\u001b[32m\"2\"\u001b[39m\n                    \u001b[33mviewBox\u001b[39m=\u001b[32m\"0 0 24 24\"\u001b[39m\n                    \u001b[33mwidth\u001b[39m=\u001b[32m\"24\"\u001b[39m\n                    \u001b[33mxmlns\u001b[39m=\u001b[32m\"http://www.w3.org/2000/svg\"\u001b[39m\n                  \u001b[36m>\u001b[39m\n                    \u001b[36m<rect\u001b[39m\n                      \u001b[33mheight\u001b[39m=\u001b[32m\"18\"\u001b[39m\n                      \u001b[33mrx\u001b[39m=\u001b[32m\"2\"\u001b[39m\n                      \u001b[33mwidth\u001b[39m=\u001b[32m\"18\"\u001b[39m\n                      \u001b[33mx\u001b[39m=\u001b[32m\"3\"\u001b[39m\n                      \u001b[33my\u001b[39m=\u001b[32m\"3\"\u001b[39m\n                    \u001b[36m/>\u001b[39m\n                    \u001b[36m<path\u001b[39m\n                      \u001b[33md\u001b[39m=\u001b[32m\"M9 3v18\"\u001b[39m\n                    \u001b[36m/>\u001b[39m\n                    \u001b[36m<path\u001b[39m\n                      \u001b[33md\u001b[39m=\u001b[32m\"m16 15-3-3 3-3\"\u001b[39m\n                    \u001b[36m/>\u001b[39m\n                  \u001b[36m</svg>\u001b[39m\n                \u001b[36m</button>\u001b[39m\n              \u001b[36m</div>\u001b[39m\n            \u001b[36m</div>\u001b[39m\n            \u001b[36m<button\u001b[39m\n              \u001b[33mclass\u001b[39m=\u001b[32m\"mb-3 inline-flex items-center gap-2 rounded-xl bg-muted/40 px-3 py-2 text-sm hover:bg-muted\"\u001b[39m\n              \u001b[33mtype\u001b[39m=\u001b[32m\"button\"\u001b[39m\n            \u001b[36m>\u001b[39m\n              \u001b[36m<svg\u001b[39m\n                \u001b[33maria-hidden\u001b[39m=\u001b[32m\"true\"\u001b[39m\n                \u001b[33mclass\u001b[39m=\u001b[32m\"lucide lucide-message-square-plus h-4 w-4\"\u001b[39m\n                \u001b[33mfill\u001b[39m=\u001b[32m\"none\"\u001b[39m\n                \u001b[33mheight\u001b[39m=\u001b[32m\"24\"\u001b[39m\n                \u001b[33mstroke\u001b[39m=\u001b[32m\"currentColor\"\u001b[39m\n                \u001b[33mstroke-linecap\u001b[39m=\u001b[32m\"round\"\u001b[39m\n                \u001b[33mstroke-linejoin\u001b[39m=\u001b[32m\"round\"\u001b[39m\n                \u001b[33mstroke-width\u001b[39m=\u001b[32m\"2\"\u001b[39m\n                \u001b[33mviewBox\u001b[39m=\u001b[32m\"0 0 24 24\"\u001b[39m\n                \u001b[33mwidth\u001b[39m=\u001b[32m\"24\"\u001b[39m\n                \u001b[33mxmlns\u001b[39m=\u001b[32m\"http://www.w3.org/2000/svg\"\u001b[39m\n              \u001b[36m>\u001b[39m\n                \u001b[36m<path\u001b[39m\n                  \u001b[33md\u001b[39m=\u001b[32m\"M22 17a2 2 0 0 1-2 2H6.828a2 2 0 0 0-1.414.586l-2.202 2.202A.71.71 0 0 1 2 21.286V5a2 2 0 0 1 2-2h16a2 2 0 0 1 2 2z\"\u001b[39m\n                \u001b[36m/>\u001b[39m\n                \u001b[36m<path\u001b[39m\n                  \u001b[33md\u001b[39m=\u001b[32m\"M12 8v6\"\u001b[39m\n                \u001b[36m/>\u001b[39m\n                \u001b[36m<path\u001b[39m\n                  \u001b[33md\u001b[39m=\u001b[32m\"M9 11h6\"\u001b[39m\n                \u001b[36m/>\u001b[39m\n              \u001b[36m</svg>\u001b[39m\n              \u001b[36m<span>\u001b[39m\n                \u001b[0mNew chat\u001b[0m\n              \u001b[36m</span>\u001b[39m\n            \u001b[36m</button>\u001b[39m\n            \u001b[36m<div\u001b[39m\n              \u001b[33mclass\u001b[39m=\u001b[32m\"min-h-0 w-full flex-1 overflow-auto pr-1\"\u001b[39m\n            \u001b[36m>\u001b[39m\n              \u001b[36m<p\u001b[39m\n                \u001b[33mclass\u001b[39m=\u001b[32m\"mb-2 px-2 text-xs uppercase tracking-wide text-muted-foreground\"\u001b[39m\n              \u001b[36m>\u001b[39m\n                \u001b[0mHistory\u001b[0m\n              \u001b[36m</p>\u001b[39m\n              \u001b[36m<div\u001b[39m\n                \u001b[33mclass\u001b[39m=\u001b[32m\"space-y-1\"\u001b[39m\n              \u001b[36m>\u001b[39m\n                \u001b[36m<p\u001b[39m\n                  \u001b[33mclass\u001b[39m=\u001b[32m\"px-2 py-1 text-xs text-muted-foreground\"\u001b[39m\n                \u001b[36m>\u001b[39m\n                  \u001b[0mNo entries yet\u001b[0m\n                \u001b[36m</p>\u001b[39m\n              \u001b[36m</div>\u001b[39m\n            \u001b[36m</div>\u001b[39m\n            \u001b[36m<div\u001b[39m\n              \u001b[33mclass\u001b[39m=\u001b[32m\"mt-3 border-t border-border/40 pt-3\"\u001b[39m\n            \u001b[36m>\u001b[39m\n              \u001b[36m<div\u001b[39m\n                \u001b[33mclass\u001b[39m=\u001b[32m\"flex flex-col gap-3\"\u001b[39m\n              \u001b[36m>\u001b[39m\n                \u001b[36m<div>\u001b[39m\n                  \u001b[36m<p\u001b[39m\n                    \u001b[33mclass\u001b[39m=\u001b[32m\"mb-2 text-xs text-muted-foreground\"\u001b[39m\n                  \u001b[36m>\u001b[39m\n                    \u001b[0mTheme\u001b[0m\n                  \u001b[36m</p>\u001b[39m\n                  \u001b[36m<div\u001b[39m\n                    \u001b[33mclass\u001b[39m=\u001b[32m\"inline-flex rounded-xl border border-border/70 bg-muted/20 p-1\"\u001b[39m\n                  \u001b[36m>\u001b[39m\n                    \u001b[36m<div\u001b[39m\n                      \u001b[33mclass\u001b[39m=\u001b[32m\"relative inline-grid touch-none select-none\"\u001b[39m\n                      \u001b[33mstyle\u001b[39m=\u001b[32m\"grid-template-columns: repeat(3, minmax(0, 1fr));\"\u001b[39m\n                    \u001b[36m>\u001b[39m\n                      \u001b[36m<div\u001b[39m\n                        \u001b[33mclass\u001b[39m=\u001b[32m\"pointer-events-none absolute inset-y-0 left-0 rounded-lg bg-primary transition-transform duration-200 ease-out\"\u001b[39m\n                        \u001b[33mstyle\u001b[39m=\u001b[32m\"width: 33.333333333333336%; transform: translateX(200%);\"\u001b[39m\n                      \u001b[36m/>\u001b[39m\n                      \u001b[36m<button\u001b[39m\n                        \u001b[33maria-label\u001b[39m=\u001b[32m\"Light\"\u001b[39m\n                        \u001b[33mclass\u001b[39m=\u001b[32m\"relative ...\n    at C:/Users/pasha/Desktop/projects/wwew.tech/txt.wwew.tech/src/app/mobile.test.tsx:336:33\n    at runWithExpensiveErrorDiagnosticsDisabled (C:\\Users\\pasha\\Desktop\\projects\\wwew.tech\\txt.wwew.tech\\node_modules\\@testing-library\\dom\\dist\\config.js:47:12)\n    at checkCallback (C:\\Users\\pasha\\Desktop\\projects\\wwew.tech\\txt.wwew.tech\\node_modules\\@testing-library\\dom\\dist\\wait-for.js:124:77)\n    at Timeout.checkRealTimersCallback (C:\\Users\\pasha\\Desktop\\projects\\wwew.tech\\txt.wwew.tech\\node_modules\\@testing-library\\dom\\dist\\wait-for.js:118:16)\n    at listOnTimeout (node:internal/timers:605:17)\n    at processTimers (node:internal/timers:541:7)"],"meta":{}},{"ancestorTitles":["localStorage persistence"],"fullName":"localStorage persistence restores uiScale=90 from localStorage on mount","status":"passed","title":"restores uiScale=90 from localStorage on mount","duration":56.19629999999961,"failureMessages":[],"meta":{}},{"ancestorTitles":["localStorage persistence"],"fullName":"localStorage persistence restores compactMode=true on mount","status":"passed","title":"restores compactMode=true on mount","duration":190.0601000000006,"failureMessages":[],"meta":{}},{"ancestorTitles":["localStorage persistence"],"fullName":"localStorage persistence restores sortMode=name on mount","status":"passed","title":"restores sortMode=name on mount","duration":57.45880000000034,"failureMessages":[],"meta":{}},{"ancestorTitles":["localStorage persistence"],"fullName":"localStorage persistence clamps uiScale at 150 on out-of-range restore","status":"passed","title":"clamps uiScale at 150 on out-of-range restore","duration":57.19480000000112,"failureMessages":[],"meta":{}},{"ancestorTitles":["localStorage persistence"],"fullName":"localStorage persistence clamps uiScale at 75 on too-low restore","status":"passed","title":"clamps uiScale at 75 on too-low restore","duration":57.71090000000004,"failureMessages":[],"meta":{}},{"ancestorTitles":["useDeviceDetect"],"fullName":"useDeviceDetect isDesktop=true for width >= 1280","status":"passed","title":"isDesktop=true for width >= 1280","duration":1.085800000000745,"failureMessages":[],"meta":{}},{"ancestorTitles":["useDeviceDetect"],"fullName":"useDeviceDetect isMobile=true for width < 768","status":"passed","title":"isMobile=true for width < 768","duration":0.5733999999993102,"failureMessages":[],"meta":{}},{"ancestorTitles":["useDeviceDetect"],"fullName":"useDeviceDetect isTablet=true for width 768–1279","status":"passed","title":"isTablet=true for width 768–1279","duration":0.5588999999999942,"failureMessages":[],"meta":{}},{"ancestorTitles":["useDeviceDetect"],"fullName":"useDeviceDetect boundary: width=768 → tablet","status":"passed","title":"boundary: width=768 → tablet","duration":0.48769999999967695,"failureMessages":[],"meta":{}},{"ancestorTitles":["useDeviceDetect"],"fullName":"useDeviceDetect boundary: width=767 → mobile","status":"passed","title":"boundary: width=767 → mobile","duration":0.45319999999992433,"failureMessages":[],"meta":{}},{"ancestorTitles":["useDeviceDetect"],"fullName":"useDeviceDetect boundary: width=1280 → desktop","status":"passed","title":"boundary: width=1280 → desktop","duration":0.43580000000110886,"failureMessages":[],"meta":{}},{"ancestorTitles":["useDeviceDetect"],"fullName":"useDeviceDetect boundary: width=1279 → tablet","status":"passed","title":"boundary: width=1279 → tablet","duration":0.5069000000003143,"failureMessages":[],"meta":{}},{"ancestorTitles":["useDeviceDetect"],"fullName":"useDeviceDetect isTouchDevice is a boolean","status":"passed","title":"isTouchDevice is a boolean","duration":0.47559999999975844,"failureMessages":[],"meta":{}},{"ancestorTitles":["useDeviceDetect"],"fullName":"useDeviceDetect exactly one of isMobile/isTablet/isDesktop is true for any width","status":"passed","title":"exactly one of isMobile/isTablet/isDesktop is true for any width","duration":2.481900000000678,"failureMessages":[],"meta":{}},{"ancestorTitles":["useDeviceDetect"],"fullName":"useDeviceDetect updates to isMobile after resize from desktop","status":"passed","title":"updates to isMobile after resize from desktop","duration":7.395199999999022,"failureMessages":[],"meta":{}},{"ancestorTitles":["useDeviceDetect"],"fullName":"useDeviceDetect updates to isDesktop after resize from mobile","status":"passed","title":"updates to isDesktop after resize from mobile","duration":15.26260000000002,"failureMessages":[],"meta":{}},{"ancestorTitles":["MobileDrawer"],"fullName":"MobileDrawer renders children when open=true","status":"passed","title":"renders children when open=true","duration":31.064300000000003,"failureMessages":[],"meta":{}},{"ancestorTitles":["MobileDrawer"],"fullName":"MobileDrawer does not render children when open=false","status":"passed","title":"does not render children when open=false","duration":1.3760000000002037,"failureMessages":[],"meta":{}},{"ancestorTitles":["MobileDrawer"],"fullName":"MobileDrawer renders overlay when open=true","status":"passed","title":"renders overlay when open=true","duration":30.978500000001077,"failureMessages":[],"meta":{}},{"ancestorTitles":["MobileDrawer"],"fullName":"MobileDrawer no overlay when open=false","status":"passed","title":"no overlay when open=false","duration":1.4066000000002532,"failureMessages":[],"meta":{}},{"ancestorTitles":["MobileDrawer"],"fullName":"MobileDrawer renders bottom handle bar for direction=bottom","status":"passed","title":"renders bottom handle bar for direction=bottom","duration":27.911200000000463,"failureMessages":[],"meta":{}},{"ancestorTitles":["MobileDrawer"],"fullName":"MobileDrawer no bottom handle bar for direction=left","status":"passed","title":"no bottom handle bar for direction=left","duration":26.93080000000009,"failureMessages":[],"meta":{}},{"ancestorTitles":["MobileDrawer"],"fullName":"MobileDrawer no bottom handle bar for direction=right","status":"passed","title":"no bottom handle bar for direction=right","duration":30.8666000000012,"failureMessages":[],"meta":{}},{"ancestorTitles":["MobileDrawer"],"fullName":"MobileDrawer onOpenChange prop is a function (wiring test)","status":"passed","title":"onOpenChange prop is a function (wiring test)","duration":27.66020000000026,"failureMessages":[],"meta":{}}],"startTime":1773434649747,"endTime":1773434660080.6602,"status":"failed","message":"","name":"C:/Users/pasha/Desktop/projects/wwew.tech/txt.wwew.tech/src/app/mobile.test.tsx"}]}