{"numTotalTestSuites":2,"numPassedTestSuites":0,"numFailedTestSuites":2,"numPendingTestSuites":0,"numTotalTests":56,"numPassedTests":47,"numFailedTests":9,"numPendingTests":0,"numTodoTests":0,"snapshot":{"added":0,"failure":false,"filesAdded":0,"filesRemoved":0,"filesRemovedList":[],"filesUnmatched":0,"filesUpdated":0,"matched":0,"total":0,"unchecked":0,"uncheckedKeysByFile":[],"unmatched":0,"updated":0,"didUpdate":false},"startTime":1773434297304,"success":false,"testResults":[{"assertionResults":[{"ancestorTitles":["Home central panel UI/UX"],"fullName":"Home central panel UI/UX renders chat composer and top controls","status":"passed","title":"renders chat composer and top controls","duration":328.5482999999999,"failureMessages":[],"meta":{}},{"ancestorTitles":["Home central panel UI/UX"],"fullName":"Home central panel UI/UX switches markdown toggle to raw mode","status":"passed","title":"switches markdown toggle to raw mode","duration":323.42300000000023,"failureMessages":[],"meta":{}},{"ancestorTitles":["Home central panel UI/UX"],"fullName":"Home central panel UI/UX sends prompt and appends user bubble","status":"passed","title":"sends prompt and appends user bubble","duration":519.6623,"failureMessages":[],"meta":{}},{"ancestorTitles":["Home central panel UI/UX"],"fullName":"Home central panel UI/UX uploads file through hidden input and shows context card","status":"passed","title":"uploads file through hidden input and shows context card","duration":289.0259000000001,"failureMessages":[],"meta":{}},{"ancestorTitles":["Home central panel UI/UX"],"fullName":"Home central panel UI/UX sends prompt by Enter and keeps Shift+Enter as multiline","status":"passed","title":"sends prompt by Enter and keeps Shift+Enter as multiline","duration":603.3469,"failureMessages":[],"meta":{}},{"ancestorTitles":["Home central panel UI/UX"],"fullName":"Home central panel UI/UX groups uploaded files by folder root into one context card","status":"passed","title":"groups uploaded files by folder root into one context card","duration":77.28689999999915,"failureMessages":[],"meta":{}},{"ancestorTitles":["Home central panel UI/UX"],"fullName":"Home central panel UI/UX renders per-file actions for each item inside grouped context","status":"failed","title":"renders per-file actions for each item inside grouped context","duration":80.53060000000005,"failureMessages":["SyntaxError: Invalid selector .group/item\n    at Finder.onError (C:\\Users\\pasha\\Desktop\\projects\\wwew.tech\\txt.wwew.tech\\node_modules\\@asamuzakjp\\dom-selector\\dist\\cjs\\index.cjs:1660:13)\n    at DOMSelector.closest (C:\\Users\\pasha\\Desktop\\projects\\wwew.tech\\txt.wwew.tech\\node_modules\\@asamuzakjp\\dom-selector\\dist\\cjs\\index.cjs:4564:20)\n    at HTMLSpanElementImpl.closest (C:\\Users\\pasha\\Desktop\\projects\\wwew.tech\\txt.wwew.tech\\node_modules\\jsdom\\lib\\jsdom\\living\\nodes\\Element-impl.js:534:24)\n    at HTMLSpanElement.closest (C:\\Users\\pasha\\Desktop\\projects\\wwew.tech\\txt.wwew.tech\\node_modules\\jsdom\\lib\\generated\\idl\\Element.js:634:58)\n    at C:/Users/pasha/Desktop/projects/wwew.tech/txt.wwew.tech/src/app/page.test.tsx:162:64\n    at runNextTicks (node:internal/process/task_queues:64:5)\n    at processTimers (node:internal/timers:538:9)\n    at file:///C:/Users/pasha/Desktop/projects/wwew.tech/txt.wwew.tech/node_modules/@vitest/runner/dist/index.js:915:20"],"meta":{}},{"ancestorTitles":["Home central panel UI/UX"],"fullName":"Home central panel UI/UX opens preview modal and deletes context from modal action","status":"failed","title":"opens preview modal and deletes context from modal action","duration":1054.5728,"failureMessages":["TypeError: Cannot destructure property 'value' of 'Specificity.max(...)' as it is undefined.\n\nIgnored nodes: comments, script, style\n\u001b[36m<body>\u001b[39m\n  \u001b[36m<div>\u001b[39m\n    \u001b[36m<div\u001b[39m\n      \u001b[33mclass\u001b[39m=\u001b[32m\"min-h-screen bg-background text-foreground\"\u001b[39m\n    \u001b[36m>\u001b[39m\n      \u001b[36m<div\u001b[39m\n        \u001b[33mclass\u001b[39m=\u001b[32m\"grid min-h-screen grid-cols-1 xl:grid-cols-[280px_minmax(0,1fr)_1px_var(--right-sidebar-width)]\"\u001b[39m\n        \u001b[33mstyle\u001b[39m=\u001b[32m\"--right-sidebar-width: 320px;\"\u001b[39m\n      \u001b[36m>\u001b[39m\n        \u001b[36m<aside\u001b[39m\n          \u001b[33mclass\u001b[39m=\u001b[32m\"border-r border-border/50 bg-background/90 px-4 py-4 hidden h-screen xl:sticky xl:top-0 xl:flex xl:flex-col\"\u001b[39m\n        \u001b[36m>\u001b[39m\n          \u001b[36m<div\u001b[39m\n            \u001b[33mclass\u001b[39m=\u001b[32m\"mb-3 border-b border-border/40 pb-3\"\u001b[39m\n          \u001b[36m>\u001b[39m\n            \u001b[36m<div\u001b[39m\n              \u001b[33mclass\u001b[39m=\u001b[32m\"flex items-start justify-between gap-2\"\u001b[39m\n            \u001b[36m>\u001b[39m\n              \u001b[36m<div>\u001b[39m\n                \u001b[36m<p\u001b[39m\n                  \u001b[33mclass\u001b[39m=\u001b[32m\"text-sm font-semibold tracking-tight\"\u001b[39m\n                \u001b[36m>\u001b[39m\n                  \u001b[0mtxt.wwew.tech\u001b[0m\n                \u001b[36m</p>\u001b[39m\n                \u001b[36m<p\u001b[39m\n                  \u001b[33mclass\u001b[39m=\u001b[32m\"text-xs text-muted-foreground\"\u001b[39m\n                \u001b[36m>\u001b[39m\n                  \u001b[0mLocal Context Cockpit\u001b[0m\n                \u001b[36m</p>\u001b[39m\n              \u001b[36m</div>\u001b[39m\n              \u001b[36m<button\u001b[39m\n                \u001b[33mclass\u001b[39m=\u001b[32m\"inline-flex h-8 w-8 shrink-0 items-center justify-center rounded-lg border border-border/60 bg-background hover:bg-muted\"\u001b[39m\n                \u001b[33mtype\u001b[39m=\u001b[32m\"button\"\u001b[39m\n              \u001b[36m>\u001b[39m\n                \u001b[36m<svg\u001b[39m\n                  \u001b[33maria-hidden\u001b[39m=\u001b[32m\"true\"\u001b[39m\n                  \u001b[33mclass\u001b[39m=\u001b[32m\"lucide lucide-panel-left-close h-4 w-4\"\u001b[39m\n                  \u001b[33mfill\u001b[39m=\u001b[32m\"none\"\u001b[39m\n                  \u001b[33mheight\u001b[39m=\u001b[32m\"24\"\u001b[39m\n                  \u001b[33mstroke\u001b[39m=\u001b[32m\"currentColor\"\u001b[39m\n                  \u001b[33mstroke-linecap\u001b[39m=\u001b[32m\"round\"\u001b[39m\n                  \u001b[33mstroke-linejoin\u001b[39m=\u001b[32m\"round\"\u001b[39m\n                  \u001b[33mstroke-width\u001b[39m=\u001b[32m\"2\"\u001b[39m\n                  \u001b[33mviewBox\u001b[39m=\u001b[32m\"0 0 24 24\"\u001b[39m\n                  \u001b[33mwidth\u001b[39m=\u001b[32m\"24\"\u001b[39m\n                  \u001b[33mxmlns\u001b[39m=\u001b[32m\"http://www.w3.org/2000/svg\"\u001b[39m\n                \u001b[36m>\u001b[39m\n                  \u001b[36m<rect\u001b[39m\n                    \u001b[33mheight\u001b[39m=\u001b[32m\"18\"\u001b[39m\n                    \u001b[33mrx\u001b[39m=\u001b[32m\"2\"\u001b[39m\n                    \u001b[33mwidth\u001b[39m=\u001b[32m\"18\"\u001b[39m\n                    \u001b[33mx\u001b[39m=\u001b[32m\"3\"\u001b[39m\n                    \u001b[33my\u001b[39m=\u001b[32m\"3\"\u001b[39m\n                  \u001b[36m/>\u001b[39m\n                  \u001b[36m<path\u001b[39m\n                    \u001b[33md\u001b[39m=\u001b[32m\"M9 3v18\"\u001b[39m\n                  \u001b[36m/>\u001b[39m\n                  \u001b[36m<path\u001b[39m\n                    \u001b[33md\u001b[39m=\u001b[32m\"m16 15-3-3 3-3\"\u001b[39m\n                  \u001b[36m/>\u001b[39m\n                \u001b[36m</svg>\u001b[39m\n              \u001b[36m</button>\u001b[39m\n            \u001b[36m</div>\u001b[39m\n          \u001b[36m</div>\u001b[39m\n          \u001b[36m<button\u001b[39m\n            \u001b[33mclass\u001b[39m=\u001b[32m\"mb-3 inline-flex items-center gap-2 rounded-xl bg-muted/40 px-3 py-2 text-sm hover:bg-muted\"\u001b[39m\n            \u001b[33mtype\u001b[39m=\u001b[32m\"button\"\u001b[39m\n          \u001b[36m>\u001b[39m\n            \u001b[36m<svg\u001b[39m\n              \u001b[33maria-hidden\u001b[39m=\u001b[32m\"true\"\u001b[39m\n              \u001b[33mclass\u001b[39m=\u001b[32m\"lucide lucide-message-square-plus h-4 w-4\"\u001b[39m\n              \u001b[33mfill\u001b[39m=\u001b[32m\"none\"\u001b[39m\n              \u001b[33mheight\u001b[39m=\u001b[32m\"24\"\u001b[39m\n              \u001b[33mstroke\u001b[39m=\u001b[32m\"currentColor\"\u001b[39m\n              \u001b[33mstroke-linecap\u001b[39m=\u001b[32m\"round\"\u001b[39m\n              \u001b[33mstroke-linejoin\u001b[39m=\u001b[32m\"round\"\u001b[39m\n              \u001b[33mstroke-width\u001b[39m=\u001b[32m\"2\"\u001b[39m\n              \u001b[33mviewBox\u001b[39m=\u001b[32m\"0 0 24 24\"\u001b[39m\n              \u001b[33mwidth\u001b[39m=\u001b[32m\"24\"\u001b[39m\n              \u001b[33mxmlns\u001b[39m=\u001b[32m\"http://www.w3.org/2000/svg\"\u001b[39m\n            \u001b[36m>\u001b[39m\n              \u001b[36m<path\u001b[39m\n                \u001b[33md\u001b[39m=\u001b[32m\"M22 17a2 2 0 0 1-2 2H6.828a2 2 0 0 0-1.414.586l-2.202 2.202A.71.71 0 0 1 2 21.286V5a2 2 0 0 1 2-2h16a2 2 0 0 1 2 2z\"\u001b[39m\n              \u001b[36m/>\u001b[39m\n              \u001b[36m<path\u001b[39m\n                \u001b[33md\u001b[39m=\u001b[32m\"M12 8v6\"\u001b[39m\n              \u001b[36m/>\u001b[39m\n              \u001b[36m<path\u001b[39m\n                \u001b[33md\u001b[39m=\u001b[32m\"M9 11h6\"\u001b[39m\n              \u001b[36m/>\u001b[39m\n            \u001b[36m</svg>\u001b[39m\n            \u001b[36m<span>\u001b[39m\n              \u001b[0mNew chat\u001b[0m\n            \u001b[36m</span>\u001b[39m\n          \u001b[36m</button>\u001b[39m\n          \u001b[36m<div\u001b[39m\n            \u001b[33mclass\u001b[39m=\u001b[32m\"min-h-0 w-full flex-1 overflow-auto pr-1\"\u001b[39m\n          \u001b[36m>\u001b[39m\n            \u001b[36m<p\u001b[39m\n              \u001b[33mclass\u001b[39m=\u001b[32m\"mb-2 px-2 text-xs uppercase tracking-wide text-muted-foreground\"\u001b[39m\n            \u001b[36m>\u001b[39m\n              \u001b[0mHistory\u001b[0m\n            \u001b[36m</p>\u001b[39m\n            \u001b[36m<div\u001b[39m\n              \u001b[33mclass\u001b[39m=\u001b[32m\"space-y-1\"\u001b[39m\n            \u001b[36m>\u001b[39m\n              \u001b[36m<p\u001b[39m\n                \u001b[33mclass\u001b[39m=\u001b[32m\"px-2 py-1 text-xs text-muted-foreground\"\u001b[39m\n              \u001b[36m>\u001b[39m\n                \u001b[0mNo entries yet\u001b[0m\n              \u001b[36m</p>\u001b[39m\n            \u001b[36m</div>\u001b[39m\n          \u001b[36m</div>\u001b[39m\n          \u001b[36m<div\u001b[39m\n            \u001b[33mclass\u001b[39m=\u001b[32m\"mt-3 border-t border-border/40 pt-3\"\u001b[39m\n          \u001b[36m>\u001b[39m\n            \u001b[36m<div\u001b[39m\n              \u001b[33mclass\u001b[39m=\u001b[32m\"flex flex-col gap-3\"\u001b[39m\n            \u001b[36m>\u001b[39m\n              \u001b[36m<div>\u001b[39m\n                \u001b[36m<p\u001b[39m\n                  \u001b[33mclass\u001b[39m=\u001b[32m\"mb-2 text-xs text-muted-foreground\"\u001b[39m\n                \u001b[36m>\u001b[39m\n                  \u001b[0mTheme\u001b[0m\n                \u001b[36m</p>\u001b[39m\n                \u001b[36m<div\u001b[39m\n                  \u001b[33mclass\u001b[39m=\u001b[32m\"inline-flex rounded-xl border border-border/70 bg-muted/20 p-1\"\u001b[39m\n                \u001b[36m>\u001b[39m\n                  \u001b[36m<div\u001b[39m\n                    \u001b[33mclass\u001b[39m=\u001b[32m\"relative inline-grid touch-none select-none\"\u001b[39m\n                    \u001b[33mstyle\u001b[39m=\u001b[32m\"grid-template-columns: repeat(3, minmax(0, 1fr));\"\u001b[39m\n                  \u001b[36m>\u001b[39m\n                    \u001b[36m<div\u001b[39m\n                      \u001b[33mclass\u001b[39m=\u001b[32m\"pointer-events-none absolute inset-y-0 left-0 rounded-lg bg-primary transition-transform duration-200 ease-out\"\u001b[39m\n                      \u001b[33mstyle\u001b[39m=\u001b[32m\"width: 33.333333333333336%; transform: translateX(200%);\"\u001b[39m\n                    \u001b[36m/>\u001b[39m\n                    \u001b[36m<button\u001b[39m\n                      \u001b[33maria-label\u001b[39m=\u001b[32m\"Light\"\u001b[39m\n                      \u001b[33mclass\u001b[39m=\u001b[32m\"relative z-10 inline-flex h-7 items-center justify-center rounded-lg text-muted-foreground transition-colors w-7 px-0\"\u001b[39m\n                      \u001b[33mtitle\u001b[39m=\u001b[32m\"Light\"\u001b[39m\n                      \u001b[33mtype\u001b[39m=\u001b[32m\"button\"\u001b[39m\n                    \u001b[36m>\u001b[39m\n                      \u001b[36m<svg\u001b[39m\n                        \u001b[33maria-hidden\u001b[39m=\u001b[32m\"true\"\u001b[39m\n                        \u001b[33mclass\u001b[39m=\u001b[32m\"lucide lucide-sun h-3.5 w-3.5\"\u001b[39m\n                        \u001b[33mfil...\n    at handleProperty (C:\\Users\\pasha\\Desktop\\projects\\wwew.tech\\txt.wwew.tech\\node_modules\\jsdom\\lib\\jsdom\\living\\helpers\\style-rules.js:239:20)\n    at handleRule (C:\\Users\\pasha\\Desktop\\projects\\wwew.tech\\txt.wwew.tech\\node_modules\\jsdom\\lib\\jsdom\\living\\helpers\\style-rules.js:229:5)\n    at handleSheet (C:\\Users\\pasha\\Desktop\\projects\\wwew.tech\\txt.wwew.tech\\node_modules\\jsdom\\lib\\jsdom\\living\\helpers\\style-rules.js:219:9)\n    at applyStyleSheetRules (C:\\Users\\pasha\\Desktop\\projects\\wwew.tech\\txt.wwew.tech\\node_modules\\jsdom\\lib\\jsdom\\living\\helpers\\style-rules.js:178:3)\n    at prepareComputedStyleDeclaration (C:\\Users\\pasha\\Desktop\\projects\\wwew.tech\\txt.wwew.tech\\node_modules\\jsdom\\lib\\jsdom\\living\\helpers\\style-rules.js:151:3)\n    at getComputedStyleDeclaration (C:\\Users\\pasha\\Desktop\\projects\\wwew.tech\\txt.wwew.tech\\node_modules\\jsdom\\lib\\jsdom\\living\\helpers\\style-rules.js:133:23)\n    at window.getComputedStyle (C:\\Users\\pasha\\Desktop\\projects\\wwew.tech\\txt.wwew.tech\\node_modules\\jsdom\\lib\\jsdom\\browser\\Window.js:872:12)\n    at isHidden (C:\\Users\\pasha\\Desktop\\projects\\wwew.tech\\txt.wwew.tech\\node_modules\\dom-accessibility-api\\dist\\accessible-name-and-description.js:35:15)\n    at computeTextAlternative (C:\\Users\\pasha\\Desktop\\projects\\wwew.tech\\txt.wwew.tech\\node_modules\\dom-accessibility-api\\dist\\accessible-name-and-description.js:406:20)\n    at computeTextAlternative (C:\\Users\\pasha\\Desktop\\projects\\wwew.tech\\txt.wwew.tech\\node_modules\\dom-accessibility-api\\dist\\accessible-name-and-description.js:527:23)\n    at computeAccessibleName (C:\\Users\\pasha\\Desktop\\projects\\wwew.tech\\txt.wwew.tech\\node_modules\\dom-accessibility-api\\dist\\accessible-name.js:25:67)\n    at C:\\Users\\pasha\\Desktop\\projects\\wwew.tech\\txt.wwew.tech\\node_modules\\@testing-library\\dom\\dist\\queries\\role.js:173:82\n    at Array.filter (<anonymous>)\n    at queryAllByRole (C:\\Users\\pasha\\Desktop\\projects\\wwew.tech\\txt.wwew.tech\\node_modules\\@testing-library\\dom\\dist\\queries\\role.js:168:6)\n    at C:\\Users\\pasha\\Desktop\\projects\\wwew.tech\\txt.wwew.tech\\node_modules\\@testing-library\\dom\\dist\\query-helpers.js:74:17\n    at C:\\Users\\pasha\\Desktop\\projects\\wwew.tech\\txt.wwew.tech\\node_modules\\@testing-library\\dom\\dist\\query-helpers.js:52:17"],"meta":{}},{"ancestorTitles":["Home central panel UI/UX"],"fullName":"Home central panel UI/UX copies aggregated context text from card action","status":"failed","title":"copies aggregated context text from card action","duration":74.13899999999921,"failureMessages":["TypeError: Cannot destructure property 'value' of 'Specificity.max(...)' as it is undefined.\n    at handleProperty (C:\\Users\\pasha\\Desktop\\projects\\wwew.tech\\txt.wwew.tech\\node_modules\\jsdom\\lib\\jsdom\\living\\helpers\\style-rules.js:239:20)\n    at handleRule (C:\\Users\\pasha\\Desktop\\projects\\wwew.tech\\txt.wwew.tech\\node_modules\\jsdom\\lib\\jsdom\\living\\helpers\\style-rules.js:229:5)\n    at handleSheet (C:\\Users\\pasha\\Desktop\\projects\\wwew.tech\\txt.wwew.tech\\node_modules\\jsdom\\lib\\jsdom\\living\\helpers\\style-rules.js:219:9)\n    at applyStyleSheetRules (C:\\Users\\pasha\\Desktop\\projects\\wwew.tech\\txt.wwew.tech\\node_modules\\jsdom\\lib\\jsdom\\living\\helpers\\style-rules.js:178:3)\n    at prepareComputedStyleDeclaration (C:\\Users\\pasha\\Desktop\\projects\\wwew.tech\\txt.wwew.tech\\node_modules\\jsdom\\lib\\jsdom\\living\\helpers\\style-rules.js:151:3)\n    at getComputedStyleDeclaration (C:\\Users\\pasha\\Desktop\\projects\\wwew.tech\\txt.wwew.tech\\node_modules\\jsdom\\lib\\jsdom\\living\\helpers\\style-rules.js:133:23)\n    at window.getComputedStyle (C:\\Users\\pasha\\Desktop\\projects\\wwew.tech\\txt.wwew.tech\\node_modules\\jsdom\\lib\\jsdom\\browser\\Window.js:872:12)\n    at isHidden (C:\\Users\\pasha\\Desktop\\projects\\wwew.tech\\txt.wwew.tech\\node_modules\\dom-accessibility-api\\dist\\accessible-name-and-description.js:35:15)\n    at computeTextAlternative (C:\\Users\\pasha\\Desktop\\projects\\wwew.tech\\txt.wwew.tech\\node_modules\\dom-accessibility-api\\dist\\accessible-name-and-description.js:406:20)\n    at computeTextAlternative (C:\\Users\\pasha\\Desktop\\projects\\wwew.tech\\txt.wwew.tech\\node_modules\\dom-accessibility-api\\dist\\accessible-name-and-description.js:527:23)\n    at computeAccessibleName (C:\\Users\\pasha\\Desktop\\projects\\wwew.tech\\txt.wwew.tech\\node_modules\\dom-accessibility-api\\dist\\accessible-name.js:25:67)\n    at C:\\Users\\pasha\\Desktop\\projects\\wwew.tech\\txt.wwew.tech\\node_modules\\@testing-library\\dom\\dist\\queries\\role.js:173:82\n    at Array.filter (<anonymous>)\n    at queryAllByRole (C:\\Users\\pasha\\Desktop\\projects\\wwew.tech\\txt.wwew.tech\\node_modules\\@testing-library\\dom\\dist\\queries\\role.js:168:6)\n    at C:\\Users\\pasha\\Desktop\\projects\\wwew.tech\\txt.wwew.tech\\node_modules\\@testing-library\\dom\\dist\\query-helpers.js:74:17\n    at C:\\Users\\pasha\\Desktop\\projects\\wwew.tech\\txt.wwew.tech\\node_modules\\@testing-library\\dom\\dist\\query-helpers.js:52:17"],"meta":{}},{"ancestorTitles":["Home central panel UI/UX"],"fullName":"Home central panel UI/UX edits context from card action","status":"failed","title":"edits context from card action","duration":76.29619999999977,"failureMessages":["TypeError: Cannot destructure property 'value' of 'Specificity.max(...)' as it is undefined.\n    at handleProperty (C:\\Users\\pasha\\Desktop\\projects\\wwew.tech\\txt.wwew.tech\\node_modules\\jsdom\\lib\\jsdom\\living\\helpers\\style-rules.js:239:20)\n    at handleRule (C:\\Users\\pasha\\Desktop\\projects\\wwew.tech\\txt.wwew.tech\\node_modules\\jsdom\\lib\\jsdom\\living\\helpers\\style-rules.js:229:5)\n    at handleSheet (C:\\Users\\pasha\\Desktop\\projects\\wwew.tech\\txt.wwew.tech\\node_modules\\jsdom\\lib\\jsdom\\living\\helpers\\style-rules.js:219:9)\n    at applyStyleSheetRules (C:\\Users\\pasha\\Desktop\\projects\\wwew.tech\\txt.wwew.tech\\node_modules\\jsdom\\lib\\jsdom\\living\\helpers\\style-rules.js:178:3)\n    at prepareComputedStyleDeclaration (C:\\Users\\pasha\\Desktop\\projects\\wwew.tech\\txt.wwew.tech\\node_modules\\jsdom\\lib\\jsdom\\living\\helpers\\style-rules.js:151:3)\n    at getComputedStyleDeclaration (C:\\Users\\pasha\\Desktop\\projects\\wwew.tech\\txt.wwew.tech\\node_modules\\jsdom\\lib\\jsdom\\living\\helpers\\style-rules.js:133:23)\n    at window.getComputedStyle (C:\\Users\\pasha\\Desktop\\projects\\wwew.tech\\txt.wwew.tech\\node_modules\\jsdom\\lib\\jsdom\\browser\\Window.js:872:12)\n    at isHidden (C:\\Users\\pasha\\Desktop\\projects\\wwew.tech\\txt.wwew.tech\\node_modules\\dom-accessibility-api\\dist\\accessible-name-and-description.js:35:15)\n    at computeTextAlternative (C:\\Users\\pasha\\Desktop\\projects\\wwew.tech\\txt.wwew.tech\\node_modules\\dom-accessibility-api\\dist\\accessible-name-and-description.js:406:20)\n    at computeTextAlternative (C:\\Users\\pasha\\Desktop\\projects\\wwew.tech\\txt.wwew.tech\\node_modules\\dom-accessibility-api\\dist\\accessible-name-and-description.js:527:23)\n    at computeAccessibleName (C:\\Users\\pasha\\Desktop\\projects\\wwew.tech\\txt.wwew.tech\\node_modules\\dom-accessibility-api\\dist\\accessible-name.js:25:67)\n    at C:\\Users\\pasha\\Desktop\\projects\\wwew.tech\\txt.wwew.tech\\node_modules\\@testing-library\\dom\\dist\\queries\\role.js:173:82\n    at Array.filter (<anonymous>)\n    at queryAllByRole (C:\\Users\\pasha\\Desktop\\projects\\wwew.tech\\txt.wwew.tech\\node_modules\\@testing-library\\dom\\dist\\queries\\role.js:168:6)\n    at C:\\Users\\pasha\\Desktop\\projects\\wwew.tech\\txt.wwew.tech\\node_modules\\@testing-library\\dom\\dist\\query-helpers.js:74:17\n    at C:\\Users\\pasha\\Desktop\\projects\\wwew.tech\\txt.wwew.tech\\node_modules\\@testing-library\\dom\\dist\\query-helpers.js:52:17"],"meta":{}},{"ancestorTitles":["Home central panel UI/UX"],"fullName":"Home central panel UI/UX cancel in edit dialog keeps original context","status":"failed","title":"cancel in edit dialog keeps original context","duration":70.71690000000035,"failureMessages":["TypeError: Cannot destructure property 'value' of 'Specificity.max(...)' as it is undefined.\n    at handleProperty (C:\\Users\\pasha\\Desktop\\projects\\wwew.tech\\txt.wwew.tech\\node_modules\\jsdom\\lib\\jsdom\\living\\helpers\\style-rules.js:239:20)\n    at handleRule (C:\\Users\\pasha\\Desktop\\projects\\wwew.tech\\txt.wwew.tech\\node_modules\\jsdom\\lib\\jsdom\\living\\helpers\\style-rules.js:229:5)\n    at handleSheet (C:\\Users\\pasha\\Desktop\\projects\\wwew.tech\\txt.wwew.tech\\node_modules\\jsdom\\lib\\jsdom\\living\\helpers\\style-rules.js:219:9)\n    at applyStyleSheetRules (C:\\Users\\pasha\\Desktop\\projects\\wwew.tech\\txt.wwew.tech\\node_modules\\jsdom\\lib\\jsdom\\living\\helpers\\style-rules.js:178:3)\n    at prepareComputedStyleDeclaration (C:\\Users\\pasha\\Desktop\\projects\\wwew.tech\\txt.wwew.tech\\node_modules\\jsdom\\lib\\jsdom\\living\\helpers\\style-rules.js:151:3)\n    at getComputedStyleDeclaration (C:\\Users\\pasha\\Desktop\\projects\\wwew.tech\\txt.wwew.tech\\node_modules\\jsdom\\lib\\jsdom\\living\\helpers\\style-rules.js:133:23)\n    at window.getComputedStyle (C:\\Users\\pasha\\Desktop\\projects\\wwew.tech\\txt.wwew.tech\\node_modules\\jsdom\\lib\\jsdom\\browser\\Window.js:872:12)\n    at isHidden (C:\\Users\\pasha\\Desktop\\projects\\wwew.tech\\txt.wwew.tech\\node_modules\\dom-accessibility-api\\dist\\accessible-name-and-description.js:35:15)\n    at computeTextAlternative (C:\\Users\\pasha\\Desktop\\projects\\wwew.tech\\txt.wwew.tech\\node_modules\\dom-accessibility-api\\dist\\accessible-name-and-description.js:406:20)\n    at computeTextAlternative (C:\\Users\\pasha\\Desktop\\projects\\wwew.tech\\txt.wwew.tech\\node_modules\\dom-accessibility-api\\dist\\accessible-name-and-description.js:527:23)\n    at computeAccessibleName (C:\\Users\\pasha\\Desktop\\projects\\wwew.tech\\txt.wwew.tech\\node_modules\\dom-accessibility-api\\dist\\accessible-name.js:25:67)\n    at C:\\Users\\pasha\\Desktop\\projects\\wwew.tech\\txt.wwew.tech\\node_modules\\@testing-library\\dom\\dist\\queries\\role.js:173:82\n    at Array.filter (<anonymous>)\n    at queryAllByRole (C:\\Users\\pasha\\Desktop\\projects\\wwew.tech\\txt.wwew.tech\\node_modules\\@testing-library\\dom\\dist\\queries\\role.js:168:6)\n    at C:\\Users\\pasha\\Desktop\\projects\\wwew.tech\\txt.wwew.tech\\node_modules\\@testing-library\\dom\\dist\\query-helpers.js:74:17\n    at C:\\Users\\pasha\\Desktop\\projects\\wwew.tech\\txt.wwew.tech\\node_modules\\@testing-library\\dom\\dist\\query-helpers.js:52:17"],"meta":{}},{"ancestorTitles":["Home central panel UI/UX"],"fullName":"Home central panel UI/UX starts new chat and resets workspace state","status":"failed","title":"starts new chat and resets workspace state","duration":99.0020999999997,"failureMessages":["TypeError: Cannot destructure property 'value' of 'Specificity.max(...)' as it is undefined.\n    at handleProperty (C:\\Users\\pasha\\Desktop\\projects\\wwew.tech\\txt.wwew.tech\\node_modules\\jsdom\\lib\\jsdom\\living\\helpers\\style-rules.js:239:20)\n    at handleRule (C:\\Users\\pasha\\Desktop\\projects\\wwew.tech\\txt.wwew.tech\\node_modules\\jsdom\\lib\\jsdom\\living\\helpers\\style-rules.js:229:5)\n    at handleSheet (C:\\Users\\pasha\\Desktop\\projects\\wwew.tech\\txt.wwew.tech\\node_modules\\jsdom\\lib\\jsdom\\living\\helpers\\style-rules.js:219:9)\n    at applyStyleSheetRules (C:\\Users\\pasha\\Desktop\\projects\\wwew.tech\\txt.wwew.tech\\node_modules\\jsdom\\lib\\jsdom\\living\\helpers\\style-rules.js:178:3)\n    at prepareComputedStyleDeclaration (C:\\Users\\pasha\\Desktop\\projects\\wwew.tech\\txt.wwew.tech\\node_modules\\jsdom\\lib\\jsdom\\living\\helpers\\style-rules.js:151:3)\n    at getComputedStyleDeclaration (C:\\Users\\pasha\\Desktop\\projects\\wwew.tech\\txt.wwew.tech\\node_modules\\jsdom\\lib\\jsdom\\living\\helpers\\style-rules.js:133:23)\n    at getCascadedPropertyValue (C:\\Users\\pasha\\Desktop\\projects\\wwew.tech\\txt.wwew.tech\\node_modules\\jsdom\\lib\\jsdom\\living\\helpers\\style-rules.js:288:10)\n    at getSpecifiedValue (C:\\Users\\pasha\\Desktop\\projects\\wwew.tech\\txt.wwew.tech\\node_modules\\jsdom\\lib\\jsdom\\living\\helpers\\style-rules.js:294:19)\n    at getComputedValue (C:\\Users\\pasha\\Desktop\\projects\\wwew.tech\\txt.wwew.tech\\node_modules\\jsdom\\lib\\jsdom\\living\\helpers\\style-rules.js:316:24)\n    at getSpecifiedValue (C:\\Users\\pasha\\Desktop\\projects\\wwew.tech\\txt.wwew.tech\\node_modules\\jsdom\\lib\\jsdom\\living\\helpers\\style-rules.js:306:12)\n    at getComputedValue (C:\\Users\\pasha\\Desktop\\projects\\wwew.tech\\txt.wwew.tech\\node_modules\\jsdom\\lib\\jsdom\\living\\helpers\\style-rules.js:316:24)\n    at getResolvedValue (C:\\Users\\pasha\\Desktop\\projects\\wwew.tech\\txt.wwew.tech\\node_modules\\jsdom\\lib\\jsdom\\living\\helpers\\style-rules.js:391:10)\n    at getComputedStyleDeclaration (C:\\Users\\pasha\\Desktop\\projects\\wwew.tech\\txt.wwew.tech\\node_modules\\jsdom\\lib\\jsdom\\living\\helpers\\style-rules.js:137:39)\n    at window.getComputedStyle (C:\\Users\\pasha\\Desktop\\projects\\wwew.tech\\txt.wwew.tech\\node_modules\\jsdom\\lib\\jsdom\\browser\\Window.js:872:12)\n    at closestPointerEventsDeclaration (file:///C:/Users/pasha/Desktop/projects/wwew.tech/txt.wwew.tech/node_modules/@testing-library/user-event/dist/esm/utils/pointer/cssPointerEvents.js:14:38)\n    at checkPointerEvents (file:///C:/Users/pasha/Desktop/projects/wwew.tech/txt.wwew.tech/node_modules/@testing-library/user-event/dist/esm/utils/pointer/cssPointerEvents.js:34:25)"],"meta":{}},{"ancestorTitles":["Home central panel UI/UX"],"fullName":"Home central panel UI/UX restores closed chat from history with its messages","status":"failed","title":"restores closed chat from history with its messages","duration":55.540100000000166,"failureMessages":["TypeError: Cannot destructure property 'value' of 'Specificity.max(...)' as it is undefined.\n    at handleProperty (C:\\Users\\pasha\\Desktop\\projects\\wwew.tech\\txt.wwew.tech\\node_modules\\jsdom\\lib\\jsdom\\living\\helpers\\style-rules.js:239:20)\n    at handleRule (C:\\Users\\pasha\\Desktop\\projects\\wwew.tech\\txt.wwew.tech\\node_modules\\jsdom\\lib\\jsdom\\living\\helpers\\style-rules.js:229:5)\n    at handleSheet (C:\\Users\\pasha\\Desktop\\projects\\wwew.tech\\txt.wwew.tech\\node_modules\\jsdom\\lib\\jsdom\\living\\helpers\\style-rules.js:219:9)\n    at applyStyleSheetRules (C:\\Users\\pasha\\Desktop\\projects\\wwew.tech\\txt.wwew.tech\\node_modules\\jsdom\\lib\\jsdom\\living\\helpers\\style-rules.js:178:3)\n    at prepareComputedStyleDeclaration (C:\\Users\\pasha\\Desktop\\projects\\wwew.tech\\txt.wwew.tech\\node_modules\\jsdom\\lib\\jsdom\\living\\helpers\\style-rules.js:151:3)\n    at getComputedStyleDeclaration (C:\\Users\\pasha\\Desktop\\projects\\wwew.tech\\txt.wwew.tech\\node_modules\\jsdom\\lib\\jsdom\\living\\helpers\\style-rules.js:133:23)\n    at getCascadedPropertyValue (C:\\Users\\pasha\\Desktop\\projects\\wwew.tech\\txt.wwew.tech\\node_modules\\jsdom\\lib\\jsdom\\living\\helpers\\style-rules.js:288:10)\n    at getSpecifiedValue (C:\\Users\\pasha\\Desktop\\projects\\wwew.tech\\txt.wwew.tech\\node_modules\\jsdom\\lib\\jsdom\\living\\helpers\\style-rules.js:294:19)\n    at getComputedValue (C:\\Users\\pasha\\Desktop\\projects\\wwew.tech\\txt.wwew.tech\\node_modules\\jsdom\\lib\\jsdom\\living\\helpers\\style-rules.js:316:24)\n    at getSpecifiedValue (C:\\Users\\pasha\\Desktop\\projects\\wwew.tech\\txt.wwew.tech\\node_modules\\jsdom\\lib\\jsdom\\living\\helpers\\style-rules.js:306:12)\n    at getComputedValue (C:\\Users\\pasha\\Desktop\\projects\\wwew.tech\\txt.wwew.tech\\node_modules\\jsdom\\lib\\jsdom\\living\\helpers\\style-rules.js:316:24)\n    at getResolvedValue (C:\\Users\\pasha\\Desktop\\projects\\wwew.tech\\txt.wwew.tech\\node_modules\\jsdom\\lib\\jsdom\\living\\helpers\\style-rules.js:391:10)\n    at getComputedStyleDeclaration (C:\\Users\\pasha\\Desktop\\projects\\wwew.tech\\txt.wwew.tech\\node_modules\\jsdom\\lib\\jsdom\\living\\helpers\\style-rules.js:137:39)\n    at window.getComputedStyle (C:\\Users\\pasha\\Desktop\\projects\\wwew.tech\\txt.wwew.tech\\node_modules\\jsdom\\lib\\jsdom\\browser\\Window.js:872:12)\n    at closestPointerEventsDeclaration (file:///C:/Users/pasha/Desktop/projects/wwew.tech/txt.wwew.tech/node_modules/@testing-library/user-event/dist/esm/utils/pointer/cssPointerEvents.js:14:38)\n    at checkPointerEvents (file:///C:/Users/pasha/Desktop/projects/wwew.tech/txt.wwew.tech/node_modules/@testing-library/user-event/dist/esm/utils/pointer/cssPointerEvents.js:34:25)"],"meta":{}},{"ancestorTitles":["Home central panel UI/UX"],"fullName":"Home central panel UI/UX does not create history entry when closing an empty draft","status":"failed","title":"does not create history entry when closing an empty draft","duration":43.904099999999744,"failureMessages":["TypeError: Cannot destructure property 'value' of 'Specificity.max(...)' as it is undefined.\n    at handleProperty (C:\\Users\\pasha\\Desktop\\projects\\wwew.tech\\txt.wwew.tech\\node_modules\\jsdom\\lib\\jsdom\\living\\helpers\\style-rules.js:239:20)\n    at handleRule (C:\\Users\\pasha\\Desktop\\projects\\wwew.tech\\txt.wwew.tech\\node_modules\\jsdom\\lib\\jsdom\\living\\helpers\\style-rules.js:229:5)\n    at handleSheet (C:\\Users\\pasha\\Desktop\\projects\\wwew.tech\\txt.wwew.tech\\node_modules\\jsdom\\lib\\jsdom\\living\\helpers\\style-rules.js:219:9)\n    at applyStyleSheetRules (C:\\Users\\pasha\\Desktop\\projects\\wwew.tech\\txt.wwew.tech\\node_modules\\jsdom\\lib\\jsdom\\living\\helpers\\style-rules.js:178:3)\n    at prepareComputedStyleDeclaration (C:\\Users\\pasha\\Desktop\\projects\\wwew.tech\\txt.wwew.tech\\node_modules\\jsdom\\lib\\jsdom\\living\\helpers\\style-rules.js:151:3)\n    at getComputedStyleDeclaration (C:\\Users\\pasha\\Desktop\\projects\\wwew.tech\\txt.wwew.tech\\node_modules\\jsdom\\lib\\jsdom\\living\\helpers\\style-rules.js:133:23)\n    at window.getComputedStyle (C:\\Users\\pasha\\Desktop\\projects\\wwew.tech\\txt.wwew.tech\\node_modules\\jsdom\\lib\\jsdom\\browser\\Window.js:872:12)\n    at isHidden (C:\\Users\\pasha\\Desktop\\projects\\wwew.tech\\txt.wwew.tech\\node_modules\\dom-accessibility-api\\dist\\accessible-name-and-description.js:35:15)\n    at computeTextAlternative (C:\\Users\\pasha\\Desktop\\projects\\wwew.tech\\txt.wwew.tech\\node_modules\\dom-accessibility-api\\dist\\accessible-name-and-description.js:406:20)\n    at computeTextAlternative (C:\\Users\\pasha\\Desktop\\projects\\wwew.tech\\txt.wwew.tech\\node_modules\\dom-accessibility-api\\dist\\accessible-name-and-description.js:527:23)\n    at computeAccessibleName (C:\\Users\\pasha\\Desktop\\projects\\wwew.tech\\txt.wwew.tech\\node_modules\\dom-accessibility-api\\dist\\accessible-name.js:25:67)\n    at C:\\Users\\pasha\\Desktop\\projects\\wwew.tech\\txt.wwew.tech\\node_modules\\@testing-library\\dom\\dist\\queries\\role.js:173:82\n    at Array.filter (<anonymous>)\n    at queryAllByRole (C:\\Users\\pasha\\Desktop\\projects\\wwew.tech\\txt.wwew.tech\\node_modules\\@testing-library\\dom\\dist\\queries\\role.js:168:6)\n    at C:\\Users\\pasha\\Desktop\\projects\\wwew.tech\\txt.wwew.tech\\node_modules\\@testing-library\\dom\\dist\\query-helpers.js:74:17\n    at C:\\Users\\pasha\\Desktop\\projects\\wwew.tech\\txt.wwew.tech\\node_modules\\@testing-library\\dom\\dist\\query-helpers.js:109:15"],"meta":{}},{"ancestorTitles":["Home central panel UI/UX"],"fullName":"Home central panel UI/UX keeps chats isolated when switching from history","status":"passed","title":"keeps chats isolated when switching from history","duration":721.4195,"failureMessages":[],"meta":{}},{"ancestorTitles":["Home central panel UI/UX"],"fullName":"Home central panel UI/UX deleting active chat from history resets center to draft","status":"passed","title":"deleting active chat from history resets center to draft","duration":488.90279999999984,"failureMessages":[],"meta":{}},{"ancestorTitles":["Home central panel UI/UX"],"fullName":"Home central panel UI/UX left New chat keeps history entries but clears current center state","status":"passed","title":"left New chat keeps history entries but clears current center state","duration":687.2412000000004,"failureMessages":[],"meta":{}},{"ancestorTitles":["Home central panel UI/UX"],"fullName":"Home central panel UI/UX starting new chat while preview is open closes modal too","status":"passed","title":"starting new chat while preview is open closes modal too","duration":823.2120999999988,"failureMessages":[],"meta":{}},{"ancestorTitles":["Home central panel UI/UX"],"fullName":"Home central panel UI/UX does not send anything when composer is empty","status":"passed","title":"does not send anything when composer is empty","duration":49.01749999999993,"failureMessages":[],"meta":{}},{"ancestorTitles":["Home central panel UI/UX"],"fullName":"Home central panel UI/UX uses first user message as history title when prompt became empty","status":"passed","title":"uses first user message as history title when prompt became empty","duration":830.5402000000013,"failureMessages":[],"meta":{}},{"ancestorTitles":["Home central panel UI/UX"],"fullName":"Home central panel UI/UX deleting non-active history item keeps active chat unchanged","status":"passed","title":"deleting non-active history item keeps active chat unchanged","duration":673.9350999999988,"failureMessages":[],"meta":{}},{"ancestorTitles":["Home central panel UI/UX"],"fullName":"Home central panel UI/UX does not auto-save when autosave is off","status":"passed","title":"does not auto-save when autosave is off","duration":717.9897999999994,"failureMessages":[],"meta":{}},{"ancestorTitles":["Home central panel UI/UX"],"fullName":"Home central panel UI/UX restores file context cards after reopening saved chat","status":"passed","title":"restores file context cards after reopening saved chat","duration":629.7001999999993,"failureMessages":[],"meta":{}},{"ancestorTitles":["Home central panel UI/UX"],"fullName":"Home central panel UI/UX [extra 01] renders initial drop hint","status":"passed","title":"[extra 01] renders initial drop hint","duration":42.87850000000071,"failureMessages":[],"meta":{}},{"ancestorTitles":["Home central panel UI/UX"],"fullName":"Home central panel UI/UX [extra 02] renders markdown table in chat bubble","status":"passed","title":"[extra 02] renders markdown table in chat bubble","duration":605.2361000000001,"failureMessages":[],"meta":{}},{"ancestorTitles":["Home central panel UI/UX"],"fullName":"Home central panel UI/UX [extra 03] renders inline math with katex","status":"passed","title":"[extra 03] renders inline math with katex","duration":450.13850000000093,"failureMessages":[],"meta":{}},{"ancestorTitles":["Home central panel UI/UX"],"fullName":"Home central panel UI/UX [extra 04] renders block math with katex-display","status":"passed","title":"[extra 04] renders block math with katex-display","duration":493.1831000000002,"failureMessages":[],"meta":{}},{"ancestorTitles":["Home central panel UI/UX"],"fullName":"Home central panel UI/UX [extra 05] raw mode keeps markdown as plain text","status":"passed","title":"[extra 05] raw mode keeps markdown as plain text","duration":779.9847999999984,"failureMessages":[],"meta":{}},{"ancestorTitles":["Home central panel UI/UX"],"fullName":"Home central panel UI/UX [extra 06] markdown code fence renders code panel","status":"passed","title":"[extra 06] markdown code fence renders code panel","duration":669.9012000000002,"failureMessages":[],"meta":{}},{"ancestorTitles":["Home central panel UI/UX"],"fullName":"Home central panel UI/UX [extra 06.1] keeps chronological order between context card and later prompt","status":"passed","title":"[extra 06.1] keeps chronological order between context card and later prompt","duration":3542.063699999999,"failureMessages":[],"meta":{}},{"ancestorTitles":["Home central panel UI/UX"],"fullName":"Home central panel UI/UX [extra 07] hides right sidebar","status":"passed","title":"[extra 07] hides right sidebar","duration":14.694999999999709,"failureMessages":[],"meta":{}},{"ancestorTitles":["Home central panel UI/UX"],"fullName":"Home central panel UI/UX [extra 08] reopens right sidebar","status":"passed","title":"[extra 08] reopens right sidebar","duration":21.11409999999887,"failureMessages":[],"meta":{}},{"ancestorTitles":["Home central panel UI/UX"],"fullName":"Home central panel UI/UX [extra 11] selects all visible files","status":"passed","title":"[extra 11] selects all visible files","duration":243.7528999999995,"failureMessages":[],"meta":{}},{"ancestorTitles":["Home central panel UI/UX"],"fullName":"Home central panel UI/UX [extra 12] removes selected files","status":"passed","title":"[extra 12] removes selected files","duration":477.0601999999999,"failureMessages":[],"meta":{}},{"ancestorTitles":["Home central panel UI/UX"],"fullName":"Home central panel UI/UX [extra 13] filter input narrows visible count","status":"passed","title":"[extra 13] filter input narrows visible count","duration":96.06130000000121,"failureMessages":[],"meta":{}},{"ancestorTitles":["Home central panel UI/UX"],"fullName":"Home central panel UI/UX [extra 15] anonymous mode prevents history records","status":"passed","title":"[extra 15] anonymous mode prevents history records","duration":569.2583000000013,"failureMessages":[],"meta":{}},{"ancestorTitles":["Home central panel UI/UX"],"fullName":"Home central panel UI/UX [extra 16] export txt uses object URL lifecycle","status":"passed","title":"[extra 16] export txt uses object URL lifecycle","duration":17.205200000000332,"failureMessages":[],"meta":{}},{"ancestorTitles":["Home central panel UI/UX"],"fullName":"Home central panel UI/UX [extra 17] share action copies encoded url","status":"passed","title":"[extra 17] share action copies encoded url","duration":882.8364000000001,"failureMessages":[],"meta":{}},{"ancestorTitles":["Home central panel UI/UX"],"fullName":"Home central panel UI/UX [extra 18] duplicate action creates copy entry","status":"passed","title":"[extra 18] duplicate action creates copy entry","duration":959.1840000000011,"failureMessages":[],"meta":{}},{"ancestorTitles":["Home central panel UI/UX"],"fullName":"Home central panel UI/UX [extra 19] rename action updates history title","status":"passed","title":"[extra 19] rename action updates history title","duration":1238.3882999999987,"failureMessages":[],"meta":{}},{"ancestorTitles":["Home central panel UI/UX"],"fullName":"Home central panel UI/UX [extra 19.1] closing rename dialog keeps original title","status":"passed","title":"[extra 19.1] closing rename dialog keeps original title","duration":1261.2540000000008,"failureMessages":[],"meta":{}},{"ancestorTitles":["Home central panel UI/UX"],"fullName":"Home central panel UI/UX [extra 20] copy prompt action writes prompt text","status":"passed","title":"[extra 20] copy prompt action writes prompt text","duration":1078.7324000000008,"failureMessages":[],"meta":{}},{"ancestorTitles":["Home central panel UI/UX"],"fullName":"Home central panel UI/UX [extra 21] copy final action writes final context","status":"passed","title":"[extra 21] copy final action writes final context","duration":765.0940999999984,"failureMessages":[],"meta":{}},{"ancestorTitles":["Home central panel UI/UX"],"fullName":"Home central panel UI/UX [extra 22] outside click closes history menu","status":"passed","title":"[extra 22] outside click closes history menu","duration":979.7907000000014,"failureMessages":[],"meta":{}},{"ancestorTitles":["Home central panel UI/UX"],"fullName":"Home central panel UI/UX [extra 23] preview down button scrolls to bottom","status":"passed","title":"[extra 23] preview down button scrolls to bottom","duration":609.3426000000036,"failureMessages":[],"meta":{}},{"ancestorTitles":["Home central panel UI/UX"],"fullName":"Home central panel UI/UX [extra 24] resizing separator changes sidebar width variable","status":"passed","title":"[extra 24] resizing separator changes sidebar width variable","duration":93.79289999999673,"failureMessages":[],"meta":{}},{"ancestorTitles":["Home central panel UI/UX"],"fullName":"Home central panel UI/UX [extra 25] build selected copies only selected context","status":"passed","title":"[extra 25] build selected copies only selected context","duration":448.7548999999999,"failureMessages":[],"meta":{}},{"ancestorTitles":["Home central panel UI/UX"],"fullName":"Home central panel UI/UX [extra 26] deleting single file from list removes item","status":"passed","title":"[extra 26] deleting single file from list removes item","duration":147.66739999999845,"failureMessages":[],"meta":{}},{"ancestorTitles":["Home central panel UI/UX"],"fullName":"Home central panel UI/UX [extra 27] close button hides preview modal","status":"passed","title":"[extra 27] close button hides preview modal","duration":803.3051000000014,"failureMessages":[],"meta":{}},{"ancestorTitles":["Home central panel UI/UX"],"fullName":"Home central panel UI/UX [extra 28] markdown toggle can be switched back and forth","status":"passed","title":"[extra 28] markdown toggle can be switched back and forth","duration":457.90469999999914,"failureMessages":[],"meta":{}},{"ancestorTitles":["Home central panel UI/UX"],"fullName":"Home central panel UI/UX [extra 29] activity log records file upload","status":"passed","title":"[extra 29] activity log records file upload","duration":70.9455999999991,"failureMessages":[],"meta":{}},{"ancestorTitles":["Home central panel UI/UX"],"fullName":"Home central panel UI/UX [extra 29.1] activity log records parse failures","status":"passed","title":"[extra 29.1] activity log records parse failures","duration":70.73470000000088,"failureMessages":[],"meta":{}},{"ancestorTitles":["Home central panel UI/UX"],"fullName":"Home central panel UI/UX [extra 29.2] partial upload keeps successful items and reports failed ones","status":"passed","title":"[extra 29.2] partial upload keeps successful items and reports failed ones","duration":100.17489999999816,"failureMessages":[],"meta":{}},{"ancestorTitles":["Home central panel UI/UX"],"fullName":"Home central panel UI/UX [extra 29.3] skipped files are still added to workspace count","status":"passed","title":"[extra 29.3] skipped files are still added to workspace count","duration":90.1833000000006,"failureMessages":[],"meta":{}},{"ancestorTitles":["Home central panel UI/UX"],"fullName":"Home central panel UI/UX [extra 29.4] archive results render archive card and child summary","status":"failed","title":"[extra 29.4] archive results render archive card and child summary","duration":1091.7598999999973,"failureMessages":["Error: Unable to find an element with the text: /2\\s*файлов|2\\s*files/i. This could be because the text is broken up by multiple elements. In this case, you can provide a function for your text matcher to make your matcher more flexible.\n\nIgnored nodes: comments, script, style\n\u001b[36m<body>\u001b[39m\n  \u001b[36m<div>\u001b[39m\n    \u001b[36m<div\u001b[39m\n      \u001b[33mclass\u001b[39m=\u001b[32m\"min-h-screen bg-background text-foreground\"\u001b[39m\n    \u001b[36m>\u001b[39m\n      \u001b[36m<div\u001b[39m\n        \u001b[33mclass\u001b[39m=\u001b[32m\"grid min-h-screen grid-cols-1 xl:grid-cols-[280px_minmax(0,1fr)_1px_var(--right-sidebar-width)]\"\u001b[39m\n        \u001b[33mstyle\u001b[39m=\u001b[32m\"--right-sidebar-width: 320px;\"\u001b[39m\n      \u001b[36m>\u001b[39m\n        \u001b[36m<aside\u001b[39m\n          \u001b[33mclass\u001b[39m=\u001b[32m\"border-r border-border/50 bg-background/90 px-4 py-4 hidden h-screen xl:sticky xl:top-0 xl:flex xl:flex-col\"\u001b[39m\n        \u001b[36m>\u001b[39m\n          \u001b[36m<div\u001b[39m\n            \u001b[33mclass\u001b[39m=\u001b[32m\"mb-3 border-b border-border/40 pb-3\"\u001b[39m\n          \u001b[36m>\u001b[39m\n            \u001b[36m<div\u001b[39m\n              \u001b[33mclass\u001b[39m=\u001b[32m\"flex items-start justify-between gap-2\"\u001b[39m\n            \u001b[36m>\u001b[39m\n              \u001b[36m<div>\u001b[39m\n                \u001b[36m<p\u001b[39m\n                  \u001b[33mclass\u001b[39m=\u001b[32m\"text-sm font-semibold tracking-tight\"\u001b[39m\n                \u001b[36m>\u001b[39m\n                  \u001b[0mtxt.wwew.tech\u001b[0m\n                \u001b[36m</p>\u001b[39m\n                \u001b[36m<p\u001b[39m\n                  \u001b[33mclass\u001b[39m=\u001b[32m\"text-xs text-muted-foreground\"\u001b[39m\n                \u001b[36m>\u001b[39m\n                  \u001b[0mLocal Context Cockpit\u001b[0m\n                \u001b[36m</p>\u001b[39m\n              \u001b[36m</div>\u001b[39m\n              \u001b[36m<button\u001b[39m\n                \u001b[33mclass\u001b[39m=\u001b[32m\"inline-flex h-8 w-8 shrink-0 items-center justify-center rounded-lg border border-border/60 bg-background hover:bg-muted\"\u001b[39m\n                \u001b[33mtype\u001b[39m=\u001b[32m\"button\"\u001b[39m\n              \u001b[36m>\u001b[39m\n                \u001b[36m<svg\u001b[39m\n                  \u001b[33maria-hidden\u001b[39m=\u001b[32m\"true\"\u001b[39m\n                  \u001b[33mclass\u001b[39m=\u001b[32m\"lucide lucide-panel-left-close h-4 w-4\"\u001b[39m\n                  \u001b[33mfill\u001b[39m=\u001b[32m\"none\"\u001b[39m\n                  \u001b[33mheight\u001b[39m=\u001b[32m\"24\"\u001b[39m\n                  \u001b[33mstroke\u001b[39m=\u001b[32m\"currentColor\"\u001b[39m\n                  \u001b[33mstroke-linecap\u001b[39m=\u001b[32m\"round\"\u001b[39m\n                  \u001b[33mstroke-linejoin\u001b[39m=\u001b[32m\"round\"\u001b[39m\n                  \u001b[33mstroke-width\u001b[39m=\u001b[32m\"2\"\u001b[39m\n                  \u001b[33mviewBox\u001b[39m=\u001b[32m\"0 0 24 24\"\u001b[39m\n                  \u001b[33mwidth\u001b[39m=\u001b[32m\"24\"\u001b[39m\n                  \u001b[33mxmlns\u001b[39m=\u001b[32m\"http://www.w3.org/2000/svg\"\u001b[39m\n                \u001b[36m>\u001b[39m\n                  \u001b[36m<rect\u001b[39m\n                    \u001b[33mheight\u001b[39m=\u001b[32m\"18\"\u001b[39m\n                    \u001b[33mrx\u001b[39m=\u001b[32m\"2\"\u001b[39m\n                    \u001b[33mwidth\u001b[39m=\u001b[32m\"18\"\u001b[39m\n                    \u001b[33mx\u001b[39m=\u001b[32m\"3\"\u001b[39m\n                    \u001b[33my\u001b[39m=\u001b[32m\"3\"\u001b[39m\n                  \u001b[36m/>\u001b[39m\n                  \u001b[36m<path\u001b[39m\n                    \u001b[33md\u001b[39m=\u001b[32m\"M9 3v18\"\u001b[39m\n                  \u001b[36m/>\u001b[39m\n                  \u001b[36m<path\u001b[39m\n                    \u001b[33md\u001b[39m=\u001b[32m\"m16 15-3-3 3-3\"\u001b[39m\n                  \u001b[36m/>\u001b[39m\n                \u001b[36m</svg>\u001b[39m\n              \u001b[36m</button>\u001b[39m\n            \u001b[36m</div>\u001b[39m\n          \u001b[36m</div>\u001b[39m\n          \u001b[36m<button\u001b[39m\n            \u001b[33mclass\u001b[39m=\u001b[32m\"mb-3 inline-flex items-center gap-2 rounded-xl bg-muted/40 px-3 py-2 text-sm hover:bg-muted\"\u001b[39m\n            \u001b[33mtype\u001b[39m=\u001b[32m\"button\"\u001b[39m\n          \u001b[36m>\u001b[39m\n            \u001b[36m<svg\u001b[39m\n              \u001b[33maria-hidden\u001b[39m=\u001b[32m\"true\"\u001b[39m\n              \u001b[33mclass\u001b[39m=\u001b[32m\"lucide lucide-message-square-plus h-4 w-4\"\u001b[39m\n              \u001b[33mfill\u001b[39m=\u001b[32m\"none\"\u001b[39m\n              \u001b[33mheight\u001b[39m=\u001b[32m\"24\"\u001b[39m\n              \u001b[33mstroke\u001b[39m=\u001b[32m\"currentColor\"\u001b[39m\n              \u001b[33mstroke-linecap\u001b[39m=\u001b[32m\"round\"\u001b[39m\n              \u001b[33mstroke-linejoin\u001b[39m=\u001b[32m\"round\"\u001b[39m\n              \u001b[33mstroke-width\u001b[39m=\u001b[32m\"2\"\u001b[39m\n              \u001b[33mviewBox\u001b[39m=\u001b[32m\"0 0 24 24\"\u001b[39m\n              \u001b[33mwidth\u001b[39m=\u001b[32m\"24\"\u001b[39m\n              \u001b[33mxmlns\u001b[39m=\u001b[32m\"http://www.w3.org/2000/svg\"\u001b[39m\n            \u001b[36m>\u001b[39m\n              \u001b[36m<path\u001b[39m\n                \u001b[33md\u001b[39m=\u001b[32m\"M22 17a2 2 0 0 1-2 2H6.828a2 2 0 0 0-1.414.586l-2.202 2.202A.71.71 0 0 1 2 21.286V5a2 2 0 0 1 2-2h16a2 2 0 0 1 2 2z\"\u001b[39m\n              \u001b[36m/>\u001b[39m\n              \u001b[36m<path\u001b[39m\n                \u001b[33md\u001b[39m=\u001b[32m\"M12 8v6\"\u001b[39m\n              \u001b[36m/>\u001b[39m\n              \u001b[36m<path\u001b[39m\n                \u001b[33md\u001b[39m=\u001b[32m\"M9 11h6\"\u001b[39m\n              \u001b[36m/>\u001b[39m\n            \u001b[36m</svg>\u001b[39m\n            \u001b[36m<span>\u001b[39m\n              \u001b[0mNew chat\u001b[0m\n            \u001b[36m</span>\u001b[39m\n          \u001b[36m</button>\u001b[39m\n          \u001b[36m<div\u001b[39m\n            \u001b[33mclass\u001b[39m=\u001b[32m\"min-h-0 w-full flex-1 overflow-auto pr-1\"\u001b[39m\n          \u001b[36m>\u001b[39m\n            \u001b[36m<p\u001b[39m\n              \u001b[33mclass\u001b[39m=\u001b[32m\"mb-2 px-2 text-xs uppercase tracking-wide text-muted-foreground\"\u001b[39m\n            \u001b[36m>\u001b[39m\n              \u001b[0mHistory\u001b[0m\n            \u001b[36m</p>\u001b[39m\n            \u001b[36m<div\u001b[39m\n              \u001b[33mclass\u001b[39m=\u001b[32m\"space-y-1\"\u001b[39m\n            \u001b[36m>\u001b[39m\n              \u001b[36m<p\u001b[39m\n                \u001b[33mclass\u001b[39m=\u001b[32m\"px-2 py-1 text-xs text-muted-foreground\"\u001b[39m\n              \u001b[36m>\u001b[39m\n                \u001b[0mNo entries yet\u001b[0m\n              \u001b[36m</p>\u001b[39m\n            \u001b[36m</div>\u001b[39m\n          \u001b[36m</div>\u001b[39m\n          \u001b[36m<div\u001b[39m\n            \u001b[33mclass\u001b[39m=\u001b[32m\"mt-3 border-t border-border/40 pt-3\"\u001b[39m\n          \u001b[36m>\u001b[39m\n            \u001b[36m<div\u001b[39m\n              \u001b[33mclass\u001b[39m=\u001b[32m\"flex flex-col gap-3\"\u001b[39m\n            \u001b[36m>\u001b[39m\n              \u001b[36m<div>\u001b[39m\n                \u001b[36m<p\u001b[39m\n                  \u001b[33mclass\u001b[39m=\u001b[32m\"mb-2 text-xs text-muted-foreground\"\u001b[39m\n                \u001b[36m>\u001b[39m\n                  \u001b[0mTheme\u001b[0m\n                \u001b[36m</p>\u001b[39m\n                \u001b[36m<div\u001b[39m\n                  \u001b[33mclass\u001b[39m=\u001b[32m\"inline-flex rounded-xl border border-border/70 bg-muted/20 p-1\"\u001b[39m\n                \u001b[36m>\u001b[39m\n                  \u001b[36m<div\u001b[39m\n                    \u001b[33mclass\u001b[39m=\u001b[32m\"relative inline-grid touch-none select-none\"\u001b[39m\n                    \u001b[33mstyle\u001b[39m=\u001b[32m\"grid-template-columns: repeat(3, minmax(0, 1fr));\"\u001b[39m\n                  \u001b[36m>\u001b[39m\n                    \u001b[36m<div\u001b[39m\n                      \u001b[33mclass\u001b[39m=\u001b[32m\"pointer-events-none absolute inset-y-0 left-0 rounded-lg bg-primary transition-transform duration-200 ease-out\"\u001b[39m\n                      \u001b[33mstyle\u001b[39m=\u001b[32m\"width: 33.333333333333336%; transform: translateX(200%);\"\u001b[39m\n                    \u001b[36m/>\u001b[39m\n                    \u001b[36m<button\u001b[39m\n                      \u001b[33maria-label\u001b[39m=\u001b[32m\"Light\"\u001b[39m\n                      \u001b[33mclass\u001b[39m=\u001b[32m\"relative z-10 inline-flex h-7 items-center justify-center rounded-lg text-muted-foreground transition-colors w-7 px-0\"\u001b[39m\n                      \u001b[33mtitle\u001b[39m=\u001b[32m\"Light\"\u001b[39m\n                      \u001b[33mtype\u001b[39m=\u001b[32m\"button\"\u001b[39m\n                    \u001b[36m>\u001b[39m\n                      \u001b[36m<svg\u001b[39m\n                        \u001b[33maria-hidden\u001b[39m=\u001b[32m\"true\"\u001b[39m\n                        \u001b[33mclass\u001b[39m=\u001b[32m\"lucide lucide-sun h-3.5 w-3.5\"\u001b[39m\n                        \u001b[33mfil...\n    at waitForWrapper (C:\\Users\\pasha\\Desktop\\projects\\wwew.tech\\txt.wwew.tech\\node_modules\\@testing-library\\dom\\dist\\wait-for.js:163:27)\n    at C:\\Users\\pasha\\Desktop\\projects\\wwew.tech\\txt.wwew.tech\\node_modules\\@testing-library\\dom\\dist\\query-helpers.js:86:33\n    at C:/Users/pasha/Desktop/projects/wwew.tech/txt.wwew.tech/src/app/page.test.tsx:957:25\n    at runNextTicks (node:internal/process/task_queues:64:5)\n    at processTimers (node:internal/timers:538:9)\n    at file:///C:/Users/pasha/Desktop/projects/wwew.tech/txt.wwew.tech/node_modules/@vitest/runner/dist/index.js:915:20"],"meta":{}},{"ancestorTitles":["Home central panel UI/UX"],"fullName":"Home central panel UI/UX [extra 30] activity log records prompt send","status":"passed","title":"[extra 30] activity log records prompt send","duration":348.78859999999986,"failureMessages":[],"meta":{}}],"startTime":1773434299401,"endTime":1773434328241.7886,"status":"failed","message":"","name":"C:/Users/pasha/Desktop/projects/wwew.tech/txt.wwew.tech/src/app/page.test.tsx"}]}